#
# A fatal error has been detected by the Java Runtime Environment:
#
#  SIGSEGV (0xb) at pc=0x00007f23fd505f42, pid=102785, tid=102811
#
# JRE version: OpenJDK Runtime Environment (15.0.2+7) (build 15.0.2+7-27)
# Java VM: OpenJDK 64-Bit Server VM (15.0.2+7-27, mixed mode, sharing, tiered, compressed oops, g1 gc, linux-amd64)
# Problematic frame:
# J 1353 c1 sun.awt.X11.XSetWindowAttributes.<init>()V java.desktop@15.0.2 (40 bytes) @ 0x00007f23fd505f42 [0x00007f23fd505ce0+0x0000000000000262]
#
# Core dump will be written. Default location: Core dumps may be processed with "/usr/share/apport/apport %p %s %c %d %P %E" (or dumping to /home/danylott/university/course3/RO/module1/lab1/DC_MOD1_LAB1/core.102785)
#
# If you would like to submit a bug report, please visit:
#   https://bugreport.java.com/bugreport/crash.jsp
#

---------------  S U M M A R Y ------------

Command Line: -javaagent:/snap/intellij-idea-ultimate/269/lib/idea_rt.jar=38107:/snap/intellij-idea-ultimate/269/bin -Dfile.encoding=UTF-8 MyGui

Host: AMD Ryzen 5 3400G with Radeon Vega Graphics, 8 cores, 15G, Ubuntu 20.04.1 LTS
Time: Sat Feb  6 19:25:41 2021 EET elapsed time: 14.622010 seconds (0d 0h 0m 14s)

---------------  T H R E A D  ---------------

Current thread (0x00007f24143c6170):  JavaThread "AWT-EventQueue-0" [_thread_in_Java, id=102811, stack(0x00007f23d0122000,0x00007f23d0223000)]

Stack: [0x00007f23d0122000,0x00007f23d0223000],  sp=0x00007f23d0220d40,  free space=1019k
Native frames: (J=compiled Java code, A=aot compiled Java code, j=interpreted, Vv=VM code, C=native code)
J 1353 c1 sun.awt.X11.XSetWindowAttributes.<init>()V java.desktop@15.0.2 (40 bytes) @ 0x00007f23fd505f42 [0x00007f23fd505ce0+0x0000000000000262]
j  sun.awt.X11.XComponentPeer.pSetCursor(Ljava/awt/Cursor;Z)V+12 java.desktop@15.0.2
j  sun.awt.X11.XGlobalCursorManager.setCursor(Ljava/awt/Component;Ljava/awt/Cursor;Z)V+132 java.desktop@15.0.2
J 1358 c1 sun.awt.GlobalCursorManager._updateCursor(Z)V java.desktop@15.0.2 (165 bytes) @ 0x00007f23fd509404 [0x00007f23fd507e60+0x00000000000015a4]
J 1374 c1 sun.awt.X11.XComponentPeer.updateCursorImmediately()V java.desktop@15.0.2 (7 bytes) @ 0x00007f23fd51571c [0x00007f23fd5153e0+0x000000000000033c]
j  java.awt.Component.updateCursorImmediately()V+30 java.desktop@15.0.2
j  java.awt.Container.validate()V+101 java.desktop@15.0.2
j  javax.swing.RepaintManager$3.run()Ljava/lang/Void;+4 java.desktop@15.0.2
j  javax.swing.RepaintManager$3.run()Ljava/lang/Object;+1 java.desktop@15.0.2
J 947 c1 java.security.ProtectionDomain$JavaSecurityAccessImpl.doIntersectionPrivilege(Ljava/security/PrivilegedAction;Ljava/security/AccessControlContext;Ljava/security/AccessControlContext;)Ljava/lang/Object; java.base@15.0.2 (22 bytes) @ 0x00007f23fd4079b4 [0x00007f23fd407720+0x0000000000000294]
j  javax.swing.RepaintManager.validateInvalidComponents()V+94 java.desktop@15.0.2
j  javax.swing.RepaintManager$ProcessingRunnable.run()V+30 java.desktop@15.0.2
j  java.awt.event.InvocationEvent.dispatch()V+47 java.desktop@15.0.2
J 1223 c1 java.awt.EventQueue.dispatchEventImpl(Ljava/awt/AWTEvent;Ljava/lang/Object;)V java.desktop@15.0.2 (136 bytes) @ 0x00007f23fd4aa894 [0x00007f23fd4a8d40+0x0000000000001b54]
J 1222 c1 java.awt.EventQueue$4.run()Ljava/lang/Void; java.desktop@15.0.2 (60 bytes) @ 0x00007f23fd4a861c [0x00007f23fd4a84e0+0x000000000000013c]
J 1098 c1 java.awt.EventQueue.dispatchEvent(Ljava/awt/AWTEvent;)V java.desktop@15.0.2 (80 bytes) @ 0x00007f23fd43bf04 [0x00007f23fd43b940+0x00000000000005c4]
J 1099 c1 java.awt.EventDispatchThread.pumpOneEventForFilters(I)V java.desktop@15.0.2 (113 bytes) @ 0x00007f23fd43f514 [0x00007f23fd43ee80+0x0000000000000694]
j  java.awt.EventDispatchThread.pumpEventsForFilter(ILjava/awt/Conditional;Ljava/awt/EventFilter;)V+35 java.desktop@15.0.2
j  java.awt.EventDispatchThread.pumpEventsForHierarchy(ILjava/awt/Conditional;Ljava/awt/Component;)V+11 java.desktop@15.0.2
j  java.awt.EventDispatchThread.pumpEvents(ILjava/awt/Conditional;)V+4 java.desktop@15.0.2
j  java.awt.EventDispatchThread.pumpEvents(Ljava/awt/Conditional;)V+3 java.desktop@15.0.2
j  java.awt.EventDispatchThread.run()V+9 java.desktop@15.0.2
v  ~StubRoutines::call_stub
V  [libjvm.so+0x7741b9]  JavaCalls::call_helper(JavaValue*, methodHandle const&, JavaCallArguments*, Thread*)+0x299
V  [libjvm.so+0x775a9b]  JavaCalls::call_virtual(JavaValue*, Handle, Klass*, Symbol*, Symbol*, Thread*)+0x1cb
V  [libjvm.so+0x83036d]  thread_entry(JavaThread*, Thread*)+0x6d
V  [libjvm.so+0xcf2d6e]  JavaThread::thread_main_inner()+0xde
V  [libjvm.so+0xcf7bdd]  Thread::call_run()+0xfd
V  [libjvm.so+0xb4ac87]  thread_native_entry(Thread*)+0xe7


siginfo: si_signo: 11 (SIGSEGV), si_code: 1 (SEGV_MAPERR), si_addr: 0x00007f2b87d66da8

Register to memory mapping:

RAX=0x0000000800b53828 is a pointer to class: 
jdk.internal.logger.LazyLoggers$JdkLazyLogger {0x0000000800b53828}
RBX={method} {0x00007f23f075d9f8} '<init>' '()V' in 'sun/awt/X11/XSetWindowAttributes'
RCX=0x0000000718ea2c10 is an oop: java.lang.String 
{0x0000000718ea2c10} - klass: 'java/lang/String'
RDX=0x00007f2b87d66bf0 is an unknown value
RSP=0x00007f23d0220d40 is pointing into the stack for thread: 0x00007f24143c6170
RBP=0x00007f23d0220e10 is pointing into the stack for thread: 0x00007f24143c6170
RSI=0x00000007189cda90 is an oop: sun.awt.X11.XSetWindowAttributes 
{0x00000007189cda90} - klass: 'sun/awt/X11/XSetWindowAttributes'
RDI=0x0000000719002840 is an oop: jdk.internal.misc.Unsafe 
{0x0000000719002840} - klass: 'jdk/internal/misc/Unsafe'
R8 =0x0000000718ea2c40 is an oop: jdk.internal.logger.SurrogateLogger 
{0x0000000718ea2c40} - klass: 'jdk/internal/logger/SurrogateLogger'
R9 =0x0000000800b86bf8 is a pointer to class: 
javax.swing.JButton {0x0000000800b86bf8}
R10=0x00007f241a033000 points into unknown readable memory: 0x0000000000000000 | 00 00 00 00 00 00 00 00
R11=0x0000000718e49240 is an oop: sun.util.logging.PlatformLogger$Level 
{0x0000000718e49240} - klass: 'sun/util/logging/PlatformLogger$Level'
R12=0x0 is NULL
R13=0x0000000718ea2ae0 is an oop: jdk.internal.logger.LazyLoggers$LazyLoggerAccessor 
{0x0000000718ea2ae0} - klass: 'jdk/internal/logger/LazyLoggers$LazyLoggerAccessor'
R14=0x00007f23d0220e60 is pointing into the stack for thread: 0x00007f24143c6170
R15=0x00007f24143c6170 is a thread


Registers:
RAX=0x0000000800b53828, RBX=0x00007f23f075d9f8, RCX=0x0000000718ea2c10, RDX=0x00007f2b87d66bf0
RSP=0x00007f23d0220d40, RBP=0x00007f23d0220e10, RSI=0x00000007189cda90, RDI=0x0000000719002840
R8 =0x0000000718ea2c40, R9 =0x0000000800b86bf8, R10=0x00007f241a033000, R11=0x0000000718e49240
R12=0x0000000000000000, R13=0x0000000718ea2ae0, R14=0x00007f23d0220e60, R15=0x00007f24143c6170
RIP=0x00007f23fd505f42, EFLAGS=0x0000000000010212, CSGSFS=0x002b000000000033, ERR=0x0000000000000006
  TRAPNO=0x000000000000000e

Top of Stack: (sp=0x00007f23d0220d40)
0x00007f23d0220d40:   00000007189cda90 00007f23fd3e559c
0x00007f23d0220d50:   00007f23d0220ed8 00007f23fd38f734
0x00007f23d0220d60:   00007f23d0220ed8 00007f23fd417774
0x00007f23d0220d70:   00007f23d0220d70 00007f23f05d6dbb 

Instructions: (pc=0x00007f23fd505f42)
0x00007f23fd505e42:   1f 00 41 83 f8 00 0f 84 05 02 00 00 8b 7a 0c 48
0x00007f23fd505e52:   c1 e7 03 48 3b 07 48 8b d7 48 b9 38 44 ab f0 23
0x00007f23fd505e62:   7f 00 00 8b 52 08 48 c1 e2 03 49 ba 00 00 00 00
0x00007f23fd505e72:   08 00 00 00 49 03 d2 48 3b 91 b8 01 00 00 75 0d
0x00007f23fd505e82:   48 83 81 c0 01 00 00 01 e9 66 00 00 00 48 3b 91
0x00007f23fd505e92:   c8 01 00 00 75 0d 48 83 81 d0 01 00 00 01 e9 50
0x00007f23fd505ea2:   00 00 00 48 81 b9 b8 01 00 00 00 00 00 00 75 17
0x00007f23fd505eb2:   48 89 91 b8 01 00 00 48 c7 81 c0 01 00 00 01 00
0x00007f23fd505ec2:   00 00 e9 2c 00 00 00 48 81 b9 c8 01 00 00 00 00
0x00007f23fd505ed2:   00 00 75 17 48 89 91 c8 01 00 00 48 c7 81 d0 01
0x00007f23fd505ee2:   00 00 01 00 00 00 e9 08 00 00 00 48 83 81 a8 01
0x00007f23fd505ef2:   00 00 01 48 ba 40 92 e4 18 07 00 00 00 48 b9 10
0x00007f23fd505f02:   2c ea 18 07 00 00 00 49 b8 00 00 00 00 00 00 00
0x00007f23fd505f12:   00 48 8b f7 0f 1f 80 00 00 00 00 48 b8 28 38 b5
0x00007f23fd505f22:   00 08 00 00 00 e8 b4 0c 32 07 48 8b 74 24 50 8b
0x00007f23fd505f32:   7e 18 48 c1 e7 03 48 ba f0 6b d6 87 2b 7f 00 00
0x00007f23fd505f42:   48 83 82 b8 01 00 00 01 48 ba 30 6e d6 87 23 7f
0x00007f23fd505f52:   00 00 8b 9a 2c 01 00 00 83 c3 02 89 9a 2c 01 00
0x00007f23fd505f62:   00 81 e3 fe ff 1f 00 83 fb 00 0f 84 0c 01 00 00
0x00007f23fd505f72:   48 3b 07 48 8b d7 48 bb f0 6b d6 87 37 7f 00 00
0x00007f23fd505f82:   48 83 83 c8 01 00 00 01 48 ba 70 00 00 00 00 00
0x00007f23fd505f92:   00 00 48 8b f7 e8 59 01 00 00 48 8b 74 24 50 48
0x00007f23fd505fa2:   89 46 10 c6 46 0c 01 48 83 c4 60 5d 4d 8b 97 10
0x00007f23fd505fb2:   01 00 00 41 85 02 c3 49 ba f8 d9 75 f8 23 7f 00
0x00007f23fd505fc2:   00 4c 89 54 24 08 48 c7 04 24 ff ff ff ff e8 ab
0x00007f23fd505fd2:   db 90 ff e9 5f fd ff ff 49 ba 30 46 73 f0 23 7f
0x00007f23fd505fe2:   00 00 4c 89 54 24 08 48 c7 04 24 ff ff ff ff e8
0x00007f23fd505ff2:   8a db 90 ff e9 7b fd ff ff 49 ba 60 5d 3e 00 08
0x00007f23fd506002:   00 00 00 4c 89 54 24 08 48 c7 04 24 ff ff ff ff
0x00007f23fd506012:   e8 69 db 90 ff e9 97 fd ff ff 8b 4e 18 48 c1 e1
0x00007f23fd506022:   03 48 83 f9 00 0f 84 a5 fd ff ff 48 89 0c 24 e8
0x00007f23fd506032:   4a e1 90 ff e9 97 fd ff ff 48 83 fa 00 0f 84 ac 


Stack slot to memory mapping:
stack at sp + 0 slots: 0x00000007189cda90 is an oop: sun.awt.X11.XSetWindowAttributes 
{0x00000007189cda90} - klass: 'sun/awt/X11/XSetWindowAttributes'
stack at sp + 1 slots: 0x00007f23fd3e559c is at entry_point+444 in (nmethod*)0x00007f23fd3e5210
stack at sp + 2 slots: 0x00007f23d0220ed8 is pointing into the stack for thread: 0x00007f24143c6170
stack at sp + 3 slots: 0x00007f23fd38f734 is at entry_point+500 in (nmethod*)0x00007f23fd38f390
stack at sp + 4 slots: 0x00007f23d0220ed8 is pointing into the stack for thread: 0x00007f24143c6170
stack at sp + 5 slots: 0x00007f23fd417774 is at entry_point+660 in (nmethod*)0x00007f23fd417310
stack at sp + 6 slots: 0x00007f23d0220d70 is pointing into the stack for thread: 0x00007f24143c6170
stack at sp + 7 slots: 0x00007f23f05d6dbb is pointing into metadata

--------------------------------------------------------------------------------
[Constant Pool (empty)]

--------------------------------------------------------------------------------

[MachCode]
  0x00007f23fd505ce0: 448b 5608 | 49c1 e203 | 49bb 0000 | 0000 0800 | 0000 4d03 | d34c 3bd0 | 0f85 02d4 | 85ff 6690 
  0x00007f23fd505d00: 8984 2400 | c0fe ff55 | 4883 ec60 | 4889 7424 | 5048 baf0 | 6bd6 8723 | 7f00 008b | 8a2c 0100 
  0x00007f23fd505d20: 0083 c102 | 898a 2c01 | 0000 81e1 | fe07 0000 | 83f9 000f | 8480 0200 | 0048 8bd6 | 48b9 f06b 
  0x00007f23fd505d40: d687 237f | 0000 4883 | 8170 0100 | 0001 48ba | d042 bbf0 | 237f 0000 | 8b8a 2c01 | 0000 83c1 
  0x00007f23fd505d60: 0289 8a2c | 0100 0081 | e1fe ff1f | 0083 f900 | 0f84 6402 | 0000 488b | d648 b9d0 | 42bb f023 
  0x00007f23fd505d80: 7f00 0048 | 8381 7001 | 0000 0148 | bae0 364c | f023 7f00 | 008b 8a2c | 0100 0083 | c102 898a 
  0x00007f23fd505da0: 2c01 0000 | 81e1 feff | 1f00 83f9 | 000f 8448 | 0200 0048 | ba30 a5e5 | 1807 0000 | 008b 5270 
  0x00007f23fd505dc0: 48c1 e203 | 410f be4f | 3083 f900 | 0f85 4a02 | 0000 4c8b | d249 c1ea | 0344 8956 | 1848 8bce 
  0x00007f23fd505de0: 4833 ca48 | c1e9 1548 | 83f9 000f | 854a 0200 | 0048 bac0 | 2aea 1807 | 0000 0048 | 8bca 49b8 
  0x00007f23fd505e00: f06b d687 | 237f 0000 | 49ba 3818 | b500 0800 | 0000 4d89 | 9090 0100 | 0049 8380 | 9801 0000 
  0x00007f23fd505e20: 0148 b938 | 44ab f023 | 7f00 0044 | 8b81 2c01 | 0000 4183 | c002 4489 | 812c 0100 | 0041 81e0 
  0x00007f23fd505e40: feff 1f00 | 4183 f800 | 0f84 0502 | 0000 8b7a | 0c48 c1e7 | 0348 3b07 | 488b d748 | b938 44ab 
  0x00007f23fd505e60: f023 7f00 | 008b 5208 | 48c1 e203 | 49ba 0000 | 0000 0800 | 0000 4903 | d248 3b91 | b801 0000 
  0x00007f23fd505e80: 750d 4883 | 81c0 0100 | 0001 e966 | 0000 0048 | 3b91 c801 | 0000 750d | 4883 81d0 | 0100 0001 
  0x00007f23fd505ea0: e950 0000 | 0048 81b9 | b801 0000 | 0000 0000 | 7517 4889 | 91b8 0100 | 0048 c781 | c001 0000 
  0x00007f23fd505ec0: 0100 0000 | e92c 0000 | 0048 81b9 | c801 0000 | 0000 0000 | 7517 4889 | 91c8 0100 | 0048 c781 
  0x00007f23fd505ee0: d001 0000 | 0100 0000 | e908 0000 | 0048 8381 | a801 0000 | 0148 ba40 | 92e4 1807 | 0000 0048 
  0x00007f23fd505f00: b910 2cea | 1807 0000 | 0049 b800 | 0000 0000 | 0000 0048 | 8bf7 0f1f | 8000 0000 | 0048 b828 
  0x00007f23fd505f20: 38b5 0008 | 0000 00e8 | b40c 3207 | 488b 7424 | 508b 7e18 | 48c1 e703 | 48ba f06b | d687 2b7f 
  0x00007f23fd505f40: 0000 4883 | 82b8 0100 | 0001 48ba | 306e d687 | 237f 0000 | 8b9a 2c01 | 0000 83c3 | 0289 9a2c 
  0x00007f23fd505f60: 0100 0081 | e3fe ff1f | 0083 fb00 | 0f84 0c01 | 0000 483b | 0748 8bd7 | 48bb f06b | d687 377f 
  0x00007f23fd505f80: 0000 4883 | 83c8 0100 | 0001 48ba | 7000 0000 | 0000 0000 | 488b f7e8 | 5901 0000 | 488b 7424 
  0x00007f23fd505fa0: 5048 8946 | 10c6 460c | 0148 83c4 | 605d 4d8b | 9710 0100 | 0041 8502 | c349 baf8 | d975 f823 
  0x00007f23fd505fc0: 7f00 004c | 8954 2408 | 48c7 0424 | ffff ffff | e8ab db90 | ffe9 5ffd | ffff 49ba | 3046 73f0 
  0x00007f23fd505fe0: 237f 0000 | 4c89 5424 | 0848 c704 | 24ff ffff | ffe8 8adb | 90ff e97b | fdff ff49 | ba60 5d3e 
  0x00007f23fd506000: 0008 0000 | 004c 8954 | 2408 48c7 | 0424 ffff | ffff e869 | db90 ffe9 | 97fd ffff | 8b4e 1848 
  0x00007f23fd506020: c1e1 0348 | 83f9 000f | 84a5 fdff | ff48 890c | 24e8 4ae1 | 90ff e997 | fdff ff48 | 83fa 000f 
  0x00007f23fd506040: 84ac fdff | ff48 8934 | 24e8 32e4 | 90ff e99e | fdff ff49 | ba40 2f60 | f023 7f00 | 004c 8954 
  0x00007f23fd506060: 2408 48c7 | 0424 ffff | ffff e811 | db90 ffe9 | dafd ffff | e827 8a90 | ffe8 228a | 90ff 49ba 
  0x00007f23fd506080: f8d6 75f0 | 237f 0000 | 4c89 5424 | 0848 c704 | 24ff ffff | ffe8 e6da | 90ff e9d3 | feff ffe8 
  0x00007f23fd5060a0: fc89 90ff | 9090 498b | 8700 0400 | 0049 ba00 | 0000 0000 | 0000 004d | 8997 0004 | 0000 49ba 
  0x00007f23fd5060c0: 0000 0000 | 0000 0000 | 4d89 9708 | 0400 0048 | 83c4 605d | e9a7 8390 | fff4 f4f4 | f4f4 f4f4 
  0x00007f23fd5060e0: 0f1f 4400 | 0048 bb00 | 0000 0000 | 0000 00e9 | fbff ffff | 9048 bb00 | d609 0008 | 0000 00e9 
  0x00007f23fd506100: 5ddc 85ff | e877 a790 | ff48 bfa9 | 95a2 1924 | 7f00 0048 | 83e4 f0e8 | 4410 161c | f449 ba1d 
  0x00007f23fd506120: 6150 fd23 | 7f00 0041 | 52e9 72eb | 85ff f4f4 
[/MachCode]
--------------------------------------------------------------------------------


---------------  P R O C E S S  ---------------

Threads class SMR info:
_java_thread_list=0x00007f237c001040, length=18, elements={
0x00007f24141b7d20, 0x00007f24141b9460, 0x00007f24141bfd60, 0x00007f24141c1470,
0x00007f24141c3090, 0x00007f24141c48c0, 0x00007f24141c5fc0, 0x00007f24141e2810,
0x00007f2414273ab0, 0x00007f24142754f0, 0x00007f24143bf370, 0x00007f24143c0fb0,
0x00007f24143c52e0, 0x00007f24143c6170, 0x00007f2414029940, 0x00007f23c8000d20,
0x00007f2388129ce0, 0x00007f23880cafe0
}

Java Threads: ( => current thread )
  0x00007f24141b7d20 JavaThread "Reference Handler" daemon [_thread_blocked, id=102793, stack(0x00007f23f0198000,0x00007f23f0299000)]
  0x00007f24141b9460 JavaThread "Finalizer" daemon [_thread_blocked, id=102794, stack(0x00007f23f0097000,0x00007f23f0198000)]
  0x00007f24141bfd60 JavaThread "Signal Dispatcher" daemon [_thread_blocked, id=102795, stack(0x00007f23d36cd000,0x00007f23d37ce000)]
  0x00007f24141c1470 JavaThread "Service Thread" daemon [_thread_blocked, id=102796, stack(0x00007f23d35cc000,0x00007f23d36cd000)]
  0x00007f24141c3090 JavaThread "C2 CompilerThread0" daemon [_thread_blocked, id=102797, stack(0x00007f23d34cb000,0x00007f23d35cc000)]
  0x00007f24141c48c0 JavaThread "C1 CompilerThread0" daemon [_thread_blocked, id=102798, stack(0x00007f23d33ca000,0x00007f23d34cb000)]
  0x00007f24141c5fc0 JavaThread "Sweeper thread" daemon [_thread_blocked, id=102799, stack(0x00007f23d32c9000,0x00007f23d33ca000)]
  0x00007f24141e2810 JavaThread "Common-Cleaner" daemon [_thread_blocked, id=102800, stack(0x00007f23d31c8000,0x00007f23d32c9000)]
  0x00007f2414273ab0 JavaThread "Monitor Ctrl-Break" daemon [_thread_in_native, id=102801, stack(0x00007f23d30c7000,0x00007f23d31c8000)]
  0x00007f24142754f0 JavaThread "Notification Thread" daemon [_thread_blocked, id=102802, stack(0x00007f23d2fc6000,0x00007f23d30c7000)]
  0x00007f24143bf370 JavaThread "Java2D Disposer" daemon [_thread_blocked, id=102808, stack(0x00007f23d0425000,0x00007f23d0526000)]
  0x00007f24143c0fb0 JavaThread "AWT-XAWT" daemon [_thread_in_native, id=102809, stack(0x00007f23d0324000,0x00007f23d0425000)]
  0x00007f24143c52e0 JavaThread "AWT-Shutdown" [_thread_blocked, id=102810, stack(0x00007f23d0223000,0x00007f23d0324000)]
=>0x00007f24143c6170 JavaThread "AWT-EventQueue-0" [_thread_in_Java, id=102811, stack(0x00007f23d0122000,0x00007f23d0223000)]
  0x00007f2414029940 JavaThread "DestroyJavaVM" [_thread_blocked, id=102786, stack(0x00007f24189e2000,0x00007f2418ae3000)]
  0x00007f23c8000d20 JavaThread "Attach Listener" daemon [_thread_blocked, id=102824, stack(0x00007f23d0021000,0x00007f23d0122000)]
  0x00007f2388129ce0 JavaThread "TimerQueue" daemon [_thread_blocked, id=102825, stack(0x00007f2387eff000,0x00007f2388000000)]
  0x00007f23880cafe0 JavaThread "Thread-11" [_thread_blocked, id=102881, stack(0x00007f2387bfb000,0x00007f2387cfc000)]

Other Threads:
  0x00007f24141b4fd0 VMThread "VM Thread" [stack: 0x00007f23f029b000,0x00007f23f039b000] [id=102792]
  0x00007f2414277570 WatcherThread [stack: 0x00007f23d2ec6000,0x00007f23d2fc6000] [id=102803]
  0x00007f2414078860 GCTaskThread "GC Thread#0" [stack: 0x00007f23f38cd000,0x00007f23f39cd000] [id=102787]
  0x00007f2414089830 ConcurrentGCThread "G1 Main Marker" [stack: 0x00007f23f37cb000,0x00007f23f38cb000] [id=102788]
  0x00007f241408aac0 ConcurrentGCThread "G1 Conc#0" [stack: 0x00007f23f36c9000,0x00007f23f37c9000] [id=102789]
  0x00007f241413f6f0 ConcurrentGCThread "G1 Refine#0" [stack: 0x00007f23f0dbf000,0x00007f23f0ebf000] [id=102790]
  0x00007f2414140900 ConcurrentGCThread "G1 Young RemSet Sampling" [stack: 0x00007f23f0cbd000,0x00007f23f0dbd000] [id=102791]

Threads with active compile tasks:

VM state: not at safepoint (normal execution)

VM Mutex/Monitor currently owned by a thread: None

Heap address: 0x0000000709a00000, size: 3942 MB, Compressed Oops mode: Zero based, Oop shift amount: 3
CDS archive(s) mapped at: [0x0000000800000000-0x0000000800b33000-0x0000000800b33000), size 11743232, SharedBaseAddress: 0x0000000800000000, ArchiveRelocationMode: 0.
Compressed class space mapped at: 0x0000000800b34000-0x0000000840b34000, size: 1073741824
Narrow klass base: 0x0000000800000000, Narrow klass shift: 3, Narrow klass range: 0x100000000

GC Precious Log:
 CPUs: 8 total, 8 available
 Memory: 15767M
 Large Page Support: Disabled
 NUMA Support: Disabled
 Compressed Oops: Enabled (Zero based)
 Heap Region Size: 2M
 Heap Min Capacity: 8M
 Heap Initial Capacity: 248M
 Heap Max Capacity: 3942M
 Pre-touch: Disabled
 Parallel Workers: 8
 Concurrent Workers: 2
 Concurrent Refinement Workers: 8
 Periodic GC: Disabled

Heap:
 garbage-first heap   total 258048K, used 12088K [0x0000000709a00000, 0x0000000800000000)
  region size 2048K, 6 young (12288K), 0 survivors (0K)
 Metaspace       used 9392K, capacity 9585K, committed 9856K, reserved 1058816K
  class space    used 924K, capacity 1009K, committed 1152K, reserved 1048576K

Heap Regions: E=young(eden), S=young(survivor), O=old, HS=humongous(starts), HC=humongous(continues), CS=collection set, F=free, OA=open archive, CA=closed archive, TAMS=top-at-mark-start (previous, next)
|   0|0x0000000709a00000, 0x0000000709a00000, 0x0000000709c00000|  0%| F|  |TAMS 0x0000000709a00000, 0x0000000709a00000| Untracked 
|   1|0x0000000709c00000, 0x0000000709c00000, 0x0000000709e00000|  0%| F|  |TAMS 0x0000000709c00000, 0x0000000709c00000| Untracked 
|   2|0x0000000709e00000, 0x0000000709e00000, 0x000000070a000000|  0%| F|  |TAMS 0x0000000709e00000, 0x0000000709e00000| Untracked 
|   3|0x000000070a000000, 0x000000070a000000, 0x000000070a200000|  0%| F|  |TAMS 0x000000070a000000, 0x000000070a000000| Untracked 
|   4|0x000000070a200000, 0x000000070a200000, 0x000000070a400000|  0%| F|  |TAMS 0x000000070a200000, 0x000000070a200000| Untracked 
|   5|0x000000070a400000, 0x000000070a400000, 0x000000070a600000|  0%| F|  |TAMS 0x000000070a400000, 0x000000070a400000| Untracked 
|   6|0x000000070a600000, 0x000000070a600000, 0x000000070a800000|  0%| F|  |TAMS 0x000000070a600000, 0x000000070a600000| Untracked 
|   7|0x000000070a800000, 0x000000070a800000, 0x000000070aa00000|  0%| F|  |TAMS 0x000000070a800000, 0x000000070a800000| Untracked 
|   8|0x000000070aa00000, 0x000000070aa00000, 0x000000070ac00000|  0%| F|  |TAMS 0x000000070aa00000, 0x000000070aa00000| Untracked 
|   9|0x000000070ac00000, 0x000000070ac00000, 0x000000070ae00000|  0%| F|  |TAMS 0x000000070ac00000, 0x000000070ac00000| Untracked 
|  10|0x000000070ae00000, 0x000000070ae00000, 0x000000070b000000|  0%| F|  |TAMS 0x000000070ae00000, 0x000000070ae00000| Untracked 
|  11|0x000000070b000000, 0x000000070b000000, 0x000000070b200000|  0%| F|  |TAMS 0x000000070b000000, 0x000000070b000000| Untracked 
|  12|0x000000070b200000, 0x000000070b200000, 0x000000070b400000|  0%| F|  |TAMS 0x000000070b200000, 0x000000070b200000| Untracked 
|  13|0x000000070b400000, 0x000000070b400000, 0x000000070b600000|  0%| F|  |TAMS 0x000000070b400000, 0x000000070b400000| Untracked 
|  14|0x000000070b600000, 0x000000070b600000, 0x000000070b800000|  0%| F|  |TAMS 0x000000070b600000, 0x000000070b600000| Untracked 
|  15|0x000000070b800000, 0x000000070b800000, 0x000000070ba00000|  0%| F|  |TAMS 0x000000070b800000, 0x000000070b800000| Untracked 
|  16|0x000000070ba00000, 0x000000070ba00000, 0x000000070bc00000|  0%| F|  |TAMS 0x000000070ba00000, 0x000000070ba00000| Untracked 
|  17|0x000000070bc00000, 0x000000070bc00000, 0x000000070be00000|  0%| F|  |TAMS 0x000000070bc00000, 0x000000070bc00000| Untracked 
|  18|0x000000070be00000, 0x000000070be00000, 0x000000070c000000|  0%| F|  |TAMS 0x000000070be00000, 0x000000070be00000| Untracked 
|  19|0x000000070c000000, 0x000000070c000000, 0x000000070c200000|  0%| F|  |TAMS 0x000000070c000000, 0x000000070c000000| Untracked 
|  20|0x000000070c200000, 0x000000070c200000, 0x000000070c400000|  0%| F|  |TAMS 0x000000070c200000, 0x000000070c200000| Untracked 
|  21|0x000000070c400000, 0x000000070c400000, 0x000000070c600000|  0%| F|  |TAMS 0x000000070c400000, 0x000000070c400000| Untracked 
|  22|0x000000070c600000, 0x000000070c600000, 0x000000070c800000|  0%| F|  |TAMS 0x000000070c600000, 0x000000070c600000| Untracked 
|  23|0x000000070c800000, 0x000000070c800000, 0x000000070ca00000|  0%| F|  |TAMS 0x000000070c800000, 0x000000070c800000| Untracked 
|  24|0x000000070ca00000, 0x000000070ca00000, 0x000000070cc00000|  0%| F|  |TAMS 0x000000070ca00000, 0x000000070ca00000| Untracked 
|  25|0x000000070cc00000, 0x000000070cc00000, 0x000000070ce00000|  0%| F|  |TAMS 0x000000070cc00000, 0x000000070cc00000| Untracked 
|  26|0x000000070ce00000, 0x000000070ce00000, 0x000000070d000000|  0%| F|  |TAMS 0x000000070ce00000, 0x000000070ce00000| Untracked 
|  27|0x000000070d000000, 0x000000070d000000, 0x000000070d200000|  0%| F|  |TAMS 0x000000070d000000, 0x000000070d000000| Untracked 
|  28|0x000000070d200000, 0x000000070d200000, 0x000000070d400000|  0%| F|  |TAMS 0x000000070d200000, 0x000000070d200000| Untracked 
|  29|0x000000070d400000, 0x000000070d400000, 0x000000070d600000|  0%| F|  |TAMS 0x000000070d400000, 0x000000070d400000| Untracked 
|  30|0x000000070d600000, 0x000000070d600000, 0x000000070d800000|  0%| F|  |TAMS 0x000000070d600000, 0x000000070d600000| Untracked 
|  31|0x000000070d800000, 0x000000070d800000, 0x000000070da00000|  0%| F|  |TAMS 0x000000070d800000, 0x000000070d800000| Untracked 
|  32|0x000000070da00000, 0x000000070da00000, 0x000000070dc00000|  0%| F|  |TAMS 0x000000070da00000, 0x000000070da00000| Untracked 
|  33|0x000000070dc00000, 0x000000070dc00000, 0x000000070de00000|  0%| F|  |TAMS 0x000000070dc00000, 0x000000070dc00000| Untracked 
|  34|0x000000070de00000, 0x000000070de00000, 0x000000070e000000|  0%| F|  |TAMS 0x000000070de00000, 0x000000070de00000| Untracked 
|  35|0x000000070e000000, 0x000000070e000000, 0x000000070e200000|  0%| F|  |TAMS 0x000000070e000000, 0x000000070e000000| Untracked 
|  36|0x000000070e200000, 0x000000070e200000, 0x000000070e400000|  0%| F|  |TAMS 0x000000070e200000, 0x000000070e200000| Untracked 
|  37|0x000000070e400000, 0x000000070e400000, 0x000000070e600000|  0%| F|  |TAMS 0x000000070e400000, 0x000000070e400000| Untracked 
|  38|0x000000070e600000, 0x000000070e600000, 0x000000070e800000|  0%| F|  |TAMS 0x000000070e600000, 0x000000070e600000| Untracked 
|  39|0x000000070e800000, 0x000000070e800000, 0x000000070ea00000|  0%| F|  |TAMS 0x000000070e800000, 0x000000070e800000| Untracked 
|  40|0x000000070ea00000, 0x000000070ea00000, 0x000000070ec00000|  0%| F|  |TAMS 0x000000070ea00000, 0x000000070ea00000| Untracked 
|  41|0x000000070ec00000, 0x000000070ec00000, 0x000000070ee00000|  0%| F|  |TAMS 0x000000070ec00000, 0x000000070ec00000| Untracked 
|  42|0x000000070ee00000, 0x000000070ee00000, 0x000000070f000000|  0%| F|  |TAMS 0x000000070ee00000, 0x000000070ee00000| Untracked 
|  43|0x000000070f000000, 0x000000070f000000, 0x000000070f200000|  0%| F|  |TAMS 0x000000070f000000, 0x000000070f000000| Untracked 
|  44|0x000000070f200000, 0x000000070f200000, 0x000000070f400000|  0%| F|  |TAMS 0x000000070f200000, 0x000000070f200000| Untracked 
|  45|0x000000070f400000, 0x000000070f400000, 0x000000070f600000|  0%| F|  |TAMS 0x000000070f400000, 0x000000070f400000| Untracked 
|  46|0x000000070f600000, 0x000000070f600000, 0x000000070f800000|  0%| F|  |TAMS 0x000000070f600000, 0x000000070f600000| Untracked 
|  47|0x000000070f800000, 0x000000070f800000, 0x000000070fa00000|  0%| F|  |TAMS 0x000000070f800000, 0x000000070f800000| Untracked 
|  48|0x000000070fa00000, 0x000000070fa00000, 0x000000070fc00000|  0%| F|  |TAMS 0x000000070fa00000, 0x000000070fa00000| Untracked 
|  49|0x000000070fc00000, 0x000000070fc00000, 0x000000070fe00000|  0%| F|  |TAMS 0x000000070fc00000, 0x000000070fc00000| Untracked 
|  50|0x000000070fe00000, 0x000000070fe00000, 0x0000000710000000|  0%| F|  |TAMS 0x000000070fe00000, 0x000000070fe00000| Untracked 
|  51|0x0000000710000000, 0x0000000710000000, 0x0000000710200000|  0%| F|  |TAMS 0x0000000710000000, 0x0000000710000000| Untracked 
|  52|0x0000000710200000, 0x0000000710200000, 0x0000000710400000|  0%| F|  |TAMS 0x0000000710200000, 0x0000000710200000| Untracked 
|  53|0x0000000710400000, 0x0000000710400000, 0x0000000710600000|  0%| F|  |TAMS 0x0000000710400000, 0x0000000710400000| Untracked 
|  54|0x0000000710600000, 0x0000000710600000, 0x0000000710800000|  0%| F|  |TAMS 0x0000000710600000, 0x0000000710600000| Untracked 
|  55|0x0000000710800000, 0x0000000710800000, 0x0000000710a00000|  0%| F|  |TAMS 0x0000000710800000, 0x0000000710800000| Untracked 
|  56|0x0000000710a00000, 0x0000000710a00000, 0x0000000710c00000|  0%| F|  |TAMS 0x0000000710a00000, 0x0000000710a00000| Untracked 
|  57|0x0000000710c00000, 0x0000000710c00000, 0x0000000710e00000|  0%| F|  |TAMS 0x0000000710c00000, 0x0000000710c00000| Untracked 
|  58|0x0000000710e00000, 0x0000000710e00000, 0x0000000711000000|  0%| F|  |TAMS 0x0000000710e00000, 0x0000000710e00000| Untracked 
|  59|0x0000000711000000, 0x0000000711000000, 0x0000000711200000|  0%| F|  |TAMS 0x0000000711000000, 0x0000000711000000| Untracked 
|  60|0x0000000711200000, 0x0000000711200000, 0x0000000711400000|  0%| F|  |TAMS 0x0000000711200000, 0x0000000711200000| Untracked 
|  61|0x0000000711400000, 0x0000000711400000, 0x0000000711600000|  0%| F|  |TAMS 0x0000000711400000, 0x0000000711400000| Untracked 
|  62|0x0000000711600000, 0x0000000711600000, 0x0000000711800000|  0%| F|  |TAMS 0x0000000711600000, 0x0000000711600000| Untracked 
|  63|0x0000000711800000, 0x0000000711800000, 0x0000000711a00000|  0%| F|  |TAMS 0x0000000711800000, 0x0000000711800000| Untracked 
|  64|0x0000000711a00000, 0x0000000711a00000, 0x0000000711c00000|  0%| F|  |TAMS 0x0000000711a00000, 0x0000000711a00000| Untracked 
|  65|0x0000000711c00000, 0x0000000711c00000, 0x0000000711e00000|  0%| F|  |TAMS 0x0000000711c00000, 0x0000000711c00000| Untracked 
|  66|0x0000000711e00000, 0x0000000711e00000, 0x0000000712000000|  0%| F|  |TAMS 0x0000000711e00000, 0x0000000711e00000| Untracked 
|  67|0x0000000712000000, 0x0000000712000000, 0x0000000712200000|  0%| F|  |TAMS 0x0000000712000000, 0x0000000712000000| Untracked 
|  68|0x0000000712200000, 0x0000000712200000, 0x0000000712400000|  0%| F|  |TAMS 0x0000000712200000, 0x0000000712200000| Untracked 
|  69|0x0000000712400000, 0x0000000712400000, 0x0000000712600000|  0%| F|  |TAMS 0x0000000712400000, 0x0000000712400000| Untracked 
|  70|0x0000000712600000, 0x0000000712600000, 0x0000000712800000|  0%| F|  |TAMS 0x0000000712600000, 0x0000000712600000| Untracked 
|  71|0x0000000712800000, 0x0000000712800000, 0x0000000712a00000|  0%| F|  |TAMS 0x0000000712800000, 0x0000000712800000| Untracked 
|  72|0x0000000712a00000, 0x0000000712a00000, 0x0000000712c00000|  0%| F|  |TAMS 0x0000000712a00000, 0x0000000712a00000| Untracked 
|  73|0x0000000712c00000, 0x0000000712c00000, 0x0000000712e00000|  0%| F|  |TAMS 0x0000000712c00000, 0x0000000712c00000| Untracked 
|  74|0x0000000712e00000, 0x0000000712e00000, 0x0000000713000000|  0%| F|  |TAMS 0x0000000712e00000, 0x0000000712e00000| Untracked 
|  75|0x0000000713000000, 0x0000000713000000, 0x0000000713200000|  0%| F|  |TAMS 0x0000000713000000, 0x0000000713000000| Untracked 
|  76|0x0000000713200000, 0x0000000713200000, 0x0000000713400000|  0%| F|  |TAMS 0x0000000713200000, 0x0000000713200000| Untracked 
|  77|0x0000000713400000, 0x0000000713400000, 0x0000000713600000|  0%| F|  |TAMS 0x0000000713400000, 0x0000000713400000| Untracked 
|  78|0x0000000713600000, 0x0000000713600000, 0x0000000713800000|  0%| F|  |TAMS 0x0000000713600000, 0x0000000713600000| Untracked 
|  79|0x0000000713800000, 0x0000000713800000, 0x0000000713a00000|  0%| F|  |TAMS 0x0000000713800000, 0x0000000713800000| Untracked 
|  80|0x0000000713a00000, 0x0000000713a00000, 0x0000000713c00000|  0%| F|  |TAMS 0x0000000713a00000, 0x0000000713a00000| Untracked 
|  81|0x0000000713c00000, 0x0000000713c00000, 0x0000000713e00000|  0%| F|  |TAMS 0x0000000713c00000, 0x0000000713c00000| Untracked 
|  82|0x0000000713e00000, 0x0000000713e00000, 0x0000000714000000|  0%| F|  |TAMS 0x0000000713e00000, 0x0000000713e00000| Untracked 
|  83|0x0000000714000000, 0x0000000714000000, 0x0000000714200000|  0%| F|  |TAMS 0x0000000714000000, 0x0000000714000000| Untracked 
|  84|0x0000000714200000, 0x0000000714200000, 0x0000000714400000|  0%| F|  |TAMS 0x0000000714200000, 0x0000000714200000| Untracked 
|  85|0x0000000714400000, 0x0000000714400000, 0x0000000714600000|  0%| F|  |TAMS 0x0000000714400000, 0x0000000714400000| Untracked 
|  86|0x0000000714600000, 0x0000000714600000, 0x0000000714800000|  0%| F|  |TAMS 0x0000000714600000, 0x0000000714600000| Untracked 
|  87|0x0000000714800000, 0x0000000714800000, 0x0000000714a00000|  0%| F|  |TAMS 0x0000000714800000, 0x0000000714800000| Untracked 
|  88|0x0000000714a00000, 0x0000000714a00000, 0x0000000714c00000|  0%| F|  |TAMS 0x0000000714a00000, 0x0000000714a00000| Untracked 
|  89|0x0000000714c00000, 0x0000000714c00000, 0x0000000714e00000|  0%| F|  |TAMS 0x0000000714c00000, 0x0000000714c00000| Untracked 
|  90|0x0000000714e00000, 0x0000000714e00000, 0x0000000715000000|  0%| F|  |TAMS 0x0000000714e00000, 0x0000000714e00000| Untracked 
|  91|0x0000000715000000, 0x0000000715000000, 0x0000000715200000|  0%| F|  |TAMS 0x0000000715000000, 0x0000000715000000| Untracked 
|  92|0x0000000715200000, 0x0000000715200000, 0x0000000715400000|  0%| F|  |TAMS 0x0000000715200000, 0x0000000715200000| Untracked 
|  93|0x0000000715400000, 0x0000000715400000, 0x0000000715600000|  0%| F|  |TAMS 0x0000000715400000, 0x0000000715400000| Untracked 
|  94|0x0000000715600000, 0x0000000715600000, 0x0000000715800000|  0%| F|  |TAMS 0x0000000715600000, 0x0000000715600000| Untracked 
|  95|0x0000000715800000, 0x0000000715800000, 0x0000000715a00000|  0%| F|  |TAMS 0x0000000715800000, 0x0000000715800000| Untracked 
|  96|0x0000000715a00000, 0x0000000715a00000, 0x0000000715c00000|  0%| F|  |TAMS 0x0000000715a00000, 0x0000000715a00000| Untracked 
|  97|0x0000000715c00000, 0x0000000715c00000, 0x0000000715e00000|  0%| F|  |TAMS 0x0000000715c00000, 0x0000000715c00000| Untracked 
|  98|0x0000000715e00000, 0x0000000715e00000, 0x0000000716000000|  0%| F|  |TAMS 0x0000000715e00000, 0x0000000715e00000| Untracked 
|  99|0x0000000716000000, 0x0000000716000000, 0x0000000716200000|  0%| F|  |TAMS 0x0000000716000000, 0x0000000716000000| Untracked 
| 100|0x0000000716200000, 0x0000000716200000, 0x0000000716400000|  0%| F|  |TAMS 0x0000000716200000, 0x0000000716200000| Untracked 
| 101|0x0000000716400000, 0x0000000716400000, 0x0000000716600000|  0%| F|  |TAMS 0x0000000716400000, 0x0000000716400000| Untracked 
| 102|0x0000000716600000, 0x0000000716600000, 0x0000000716800000|  0%| F|  |TAMS 0x0000000716600000, 0x0000000716600000| Untracked 
| 103|0x0000000716800000, 0x0000000716800000, 0x0000000716a00000|  0%| F|  |TAMS 0x0000000716800000, 0x0000000716800000| Untracked 
| 104|0x0000000716a00000, 0x0000000716a00000, 0x0000000716c00000|  0%| F|  |TAMS 0x0000000716a00000, 0x0000000716a00000| Untracked 
| 105|0x0000000716c00000, 0x0000000716c00000, 0x0000000716e00000|  0%| F|  |TAMS 0x0000000716c00000, 0x0000000716c00000| Untracked 
| 106|0x0000000716e00000, 0x0000000716e00000, 0x0000000717000000|  0%| F|  |TAMS 0x0000000716e00000, 0x0000000716e00000| Untracked 
| 107|0x0000000717000000, 0x0000000717000000, 0x0000000717200000|  0%| F|  |TAMS 0x0000000717000000, 0x0000000717000000| Untracked 
| 108|0x0000000717200000, 0x0000000717200000, 0x0000000717400000|  0%| F|  |TAMS 0x0000000717200000, 0x0000000717200000| Untracked 
| 109|0x0000000717400000, 0x0000000717400000, 0x0000000717600000|  0%| F|  |TAMS 0x0000000717400000, 0x0000000717400000| Untracked 
| 110|0x0000000717600000, 0x0000000717600000, 0x0000000717800000|  0%| F|  |TAMS 0x0000000717600000, 0x0000000717600000| Untracked 
| 111|0x0000000717800000, 0x0000000717800000, 0x0000000717a00000|  0%| F|  |TAMS 0x0000000717800000, 0x0000000717800000| Untracked 
| 112|0x0000000717a00000, 0x0000000717a00000, 0x0000000717c00000|  0%| F|  |TAMS 0x0000000717a00000, 0x0000000717a00000| Untracked 
| 113|0x0000000717c00000, 0x0000000717c00000, 0x0000000717e00000|  0%| F|  |TAMS 0x0000000717c00000, 0x0000000717c00000| Untracked 
| 114|0x0000000717e00000, 0x0000000717e00000, 0x0000000718000000|  0%| F|  |TAMS 0x0000000717e00000, 0x0000000717e00000| Untracked 
| 115|0x0000000718000000, 0x0000000718000000, 0x0000000718200000|  0%| F|  |TAMS 0x0000000718000000, 0x0000000718000000| Untracked 
| 116|0x0000000718200000, 0x0000000718200000, 0x0000000718400000|  0%| F|  |TAMS 0x0000000718200000, 0x0000000718200000| Untracked 
| 117|0x0000000718400000, 0x0000000718400000, 0x0000000718600000|  0%| F|  |TAMS 0x0000000718400000, 0x0000000718400000| Untracked 
| 118|0x0000000718600000, 0x0000000718671250, 0x0000000718800000| 22%| E|  |TAMS 0x0000000718600000, 0x0000000718600000| Complete 
| 119|0x0000000718800000, 0x0000000718a00000, 0x0000000718a00000|100%| E|CS|TAMS 0x0000000718800000, 0x0000000718800000| Complete 
| 120|0x0000000718a00000, 0x0000000718c00000, 0x0000000718c00000|100%| E|CS|TAMS 0x0000000718a00000, 0x0000000718a00000| Complete 
| 121|0x0000000718c00000, 0x0000000718e00000, 0x0000000718e00000|100%| E|CS|TAMS 0x0000000718c00000, 0x0000000718c00000| Complete 
| 122|0x0000000718e00000, 0x0000000719000000, 0x0000000719000000|100%| E|CS|TAMS 0x0000000718e00000, 0x0000000718e00000| Complete 
| 123|0x0000000719000000, 0x0000000719200000, 0x0000000719200000|100%| E|CS|TAMS 0x0000000719000000, 0x0000000719000000| Complete 
|1969|0x00000007ffc00000, 0x00000007ffd52000, 0x00000007ffe00000| 66%|OA|  |TAMS 0x00000007ffc00000, 0x00000007ffc00000| Untracked 
|1970|0x00000007ffe00000, 0x00000007ffe7c000, 0x0000000800000000| 24%|CA|  |TAMS 0x00000007ffe00000, 0x00000007ffe00000| Untracked 

Card table byte_map: [0x00007f23fbcb0000,0x00007f23fc463000] _byte_map_base: 0x00007f23f8463000

Marking Bits (Prev, Next): (CMBitMap*) 0x00007f2414079600, (CMBitMap*) 0x00007f2414079640
 Prev Bits: [0x00007f23f7765000, 0x00007f23fb4fd000)
 Next Bits: [0x00007f23f39cd000, 0x00007f23f7765000)

Polling page: 0x00007f241a032000

Metaspace:

Usage:
  Non-class:      8,38 MB capacity,     8,27 MB ( 99%) used,    92,78 KB (  1%) free+waste,    14,94 KB ( <1%) overhead. 
      Class:   1009,00 KB capacity,   924,14 KB ( 92%) used,    78,98 KB (  8%) free+waste,     5,88 KB ( <1%) overhead. 
       Both:      9,36 MB capacity,     9,17 MB ( 98%) used,   171,77 KB (  2%) free+waste,    20,81 KB ( <1%) overhead. 

Virtual space:
  Non-class space:       10,00 MB reserved,       8,50 MB ( 85%) committed 
      Class space:        1,00 GB reserved,       1,12 MB ( <1%) committed 
             Both:        1,01 GB reserved,       9,62 MB ( <1%) committed 

Chunk freelists:
   Non-Class:  80,00 KB
       Class:  31,00 KB
        Both:  111,00 KB

MaxMetaspaceSize: 17179869184,00 GB
CompressedClassSpaceSize: 1,00 GB

CodeHeap 'non-profiled nmethods': size=120028Kb used=389Kb max_used=389Kb free=119638Kb
 bounds [0x00007f24047e0000, 0x00007f2404a50000, 0x00007f240bd17000]
CodeHeap 'profiled nmethods': size=120028Kb used=2492Kb max_used=2492Kb free=117536Kb
 bounds [0x00007f23fd2a9000, 0x00007f23fd519000, 0x00007f24047e0000]
CodeHeap 'non-nmethods': size=5704Kb used=1303Kb max_used=1320Kb free=4400Kb
 bounds [0x00007f23fcd17000, 0x00007f23fcf87000, 0x00007f23fd2a9000]
 total_blobs=1990 nmethods=1386 adapters=518
 compilation: enabled
              stopped_count=0, restarted_count=0
 full_count=0

Compilation events (20 events):
Event: 13,210 Thread 0x00007f24141c48c0 1376       3       sun.awt.X11.XWindow::getModifiers (8 bytes)
Event: 13,210 Thread 0x00007f24141c48c0 nmethod 1376 0x00007f23fd516010 code [0x00007f23fd5161a0, 0x00007f23fd5162a0]
Event: 13,210 Thread 0x00007f24141c48c0 1377       3       java.lang.Math::floor (5 bytes)
Event: 13,211 Thread 0x00007f24141c48c0 nmethod 1377 0x00007f23fd516390 code [0x00007f23fd516520, 0x00007f23fd516620]
Event: 13,211 Thread 0x00007f24141c48c0 1378       3       java.lang.StrictMath::floor (12 bytes)
Event: 13,211 Thread 0x00007f24141c48c0 nmethod 1378 0x00007f23fd516710 code [0x00007f23fd5168e0, 0x00007f23fd516a00]
Event: 13,211 Thread 0x00007f24141c48c0 1379       1       javax.swing.AbstractButton::getModel (5 bytes)
Event: 13,211 Thread 0x00007f24141c48c0 nmethod 1379 0x00007f2404840810 code [0x00007f24048409a0, 0x00007f2404840a50]
Event: 13,290 Thread 0x00007f24141c48c0 1381       3       java.awt.Component::setBoundsOp (51 bytes)
Event: 13,290 Thread 0x00007f24141c48c0 nmethod 1381 0x00007f23fd516a90 code [0x00007f23fd516c20, 0x00007f23fd516dd0]
Event: 13,290 Thread 0x00007f24141c48c0 1380       1       javax.swing.plaf.basic.BasicArrowButton::getDirection (5 bytes)
Event: 13,291 Thread 0x00007f24141c48c0 nmethod 1380 0x00007f2404840b10 code [0x00007f2404840ca0, 0x00007f2404840d50]
Event: 13,291 Thread 0x00007f24141c48c0 1382       3       java.awt.geom.Path2D$Iterator::next (35 bytes)
Event: 13,291 Thread 0x00007f24141c48c0 nmethod 1382 0x00007f23fd516e90 code [0x00007f23fd517020, 0x00007f23fd517190]
Event: 13,291 Thread 0x00007f24141c48c0 1383  s    3       java.awt.geom.Path2D$Float::lineTo (58 bytes)
Event: 13,291 Thread 0x00007f24141c48c0 nmethod 1383 0x00007f23fd517310 code [0x00007f23fd5174c0, 0x00007f23fd5177e0]
Event: 14,026 Thread 0x00007f24141c48c0 1385       1       sun.java2d.xr.GrowableIntArray::getArray (5 bytes)
Event: 14,026 Thread 0x00007f24141c48c0 nmethod 1385 0x00007f2404841210 code [0x00007f24048413a0, 0x00007f2404841450]
Event: 14,601 Thread 0x00007f24141c48c0 1386   !   3       javax.swing.JComponent::getClientProperty (56 bytes)
Event: 14,602 Thread 0x00007f24141c48c0 nmethod 1386 0x00007f23fd517990 code [0x00007f23fd517b40, 0x00007f23fd517e80]

GC Heap History (0 events):
No events

Deoptimization events (20 events):
Event: 5,034 Thread 0x00007f238813cbc0 DEOPT PACKING pc=0x00007f23fd4852a8 sp=0x00007f2387cfa9f0
Event: 5,034 Thread 0x00007f238813cbc0 DEOPT UNPACKING pc=0x00007f23fcd64f2b sp=0x00007f2387cf9ee8 mode 0
Event: 5,034 Thread 0x00007f238813dec0 DEOPT PACKING pc=0x00007f23fd485ba8 sp=0x00007f2387bf99f0
Event: 5,034 Thread 0x00007f238813dec0 DEOPT UNPACKING pc=0x00007f23fcd64f2b sp=0x00007f2387bf8ee8 mode 0
Event: 5,036 Thread 0x00007f238813cbc0 DEOPT PACKING pc=0x00007f23fd4852a8 sp=0x00007f2387cfa9f0
Event: 5,036 Thread 0x00007f238813cbc0 DEOPT UNPACKING pc=0x00007f23fcd64f2b sp=0x00007f2387cf9ee8 mode 0
Event: 5,036 Thread 0x00007f238813dec0 DEOPT PACKING pc=0x00007f23fd485ba8 sp=0x00007f2387bf99f0
Event: 5,036 Thread 0x00007f238813dec0 DEOPT UNPACKING pc=0x00007f23fcd64f2b sp=0x00007f2387bf8ee8 mode 0
Event: 5,037 Thread 0x00007f238813dec0 DEOPT PACKING pc=0x00007f23fd485ba8 sp=0x00007f2387bf99f0
Event: 5,037 Thread 0x00007f238813dec0 DEOPT UNPACKING pc=0x00007f23fcd64f2b sp=0x00007f2387bf8ee8 mode 0
Event: 5,038 Thread 0x00007f238813cbc0 DEOPT PACKING pc=0x00007f23fd4852a8 sp=0x00007f2387cfa9f0
Event: 5,038 Thread 0x00007f238813cbc0 DEOPT UNPACKING pc=0x00007f23fcd64f2b sp=0x00007f2387cf9ee8 mode 0
Event: 5,038 Thread 0x00007f238813dec0 Uncommon trap: trap_request=0xffffff45 fr.pc=0x00007f24048372d8 relative=0x00000000000000b8
Event: 5,038 Thread 0x00007f238813dec0 Uncommon trap: reason=unstable_if action=reinterpret pc=0x00007f24048372d8 method=frame.Thread2.run()V @ 12 c2
Event: 5,038 Thread 0x00007f238813dec0 DEOPT PACKING pc=0x00007f24048372d8 sp=0x00007f2387bf9a50
Event: 5,038 Thread 0x00007f238813dec0 DEOPT UNPACKING pc=0x00007f23fcd65125 sp=0x00007f2387bf99f0 mode 2
Event: 5,039 Thread 0x00007f238813cbc0 Uncommon trap: trap_request=0xffffff45 fr.pc=0x00007f2404836f58 relative=0x00000000000000b8
Event: 5,039 Thread 0x00007f238813cbc0 Uncommon trap: reason=unstable_if action=reinterpret pc=0x00007f2404836f58 method=frame.Thread1.run()V @ 12 c2
Event: 5,039 Thread 0x00007f238813cbc0 DEOPT PACKING pc=0x00007f2404836f58 sp=0x00007f2387cfaa50
Event: 5,039 Thread 0x00007f238813cbc0 DEOPT UNPACKING pc=0x00007f23fcd65125 sp=0x00007f2387cfa9f0 mode 2

Classes unloaded (0 events):
No events

Classes redefined (0 events):
No events

Internal exceptions (14 events):
Event: 0,072 Thread 0x00007f2414029940 Implicit null exception at 0x00007f24047ed535 to 0x00007f24047ed694
Event: 0,083 Thread 0x00007f2414273ab0 Exception <a 'java/lang/NoSuchMethodError'{0x00000007191c85a0}: 'java.lang.Object java.lang.invoke.DirectMethodHandle$Holder.invokeStatic(java.lang.Object)'> (0x00000007191c85a0) 
thrown [open/src/hotspot/share/interpreter/linkResolver.cpp, line 781]
Event: 0,083 Thread 0x00007f2414273ab0 Exception <a 'java/lang/NoSuchMethodError'{0x00000007191cbd88}: 'java.lang.Object java.lang.invoke.DirectMethodHandle$Holder.invokeStaticInit(java.lang.Object)'> (0x00000007191cbd88) 
thrown [open/src/hotspot/share/interpreter/linkResolver.cpp, line 781]
Event: 0,084 Thread 0x00007f2414029940 Exception <a 'java/lang/ClassNotFoundException'{0x000000071917c770}: sun/awt/resources/spi/awtProvider> (0x000000071917c770) 
thrown [open/src/hotspot/share/classfile/systemDictionary.cpp, line 295]
Event: 0,089 Thread 0x00007f2414273ab0 Exception <a 'java/lang/NoSuchMethodError'{0x00000007191d9bb8}: 'void java.lang.invoke.DirectMethodHandle$Holder.invokeStatic(java.lang.Object, java.lang.Object)'> (0x00000007191d9bb8) 
thrown [open/src/hotspot/share/interpreter/linkResolver.cpp, line 781]
Event: 0,111 Thread 0x00007f2414029940 Exception <a 'java/io/FileNotFoundException'{0x0000000718e190b0}> (0x0000000718e190b0) 
thrown [open/src/hotspot/share/prims/jni.cpp, line 578]
Event: 0,118 Thread 0x00007f2414029940 Exception <a 'java/io/FileNotFoundException'{0x0000000718e477e0}> (0x0000000718e477e0) 
thrown [open/src/hotspot/share/prims/jni.cpp, line 578]
Event: 0,121 Thread 0x00007f2414029940 Exception <a 'java/lang/NoSuchMethodError'{0x0000000718e4a2f8}: 'void java.lang.invoke.DirectMethodHandle$Holder.invokeSpecial(java.lang.Object, java.lang.Object, java.lang.Object)'> (0x0000000718e4a2f8) 
thrown [open/src/hotspot/share/interpreter/linkResolver.cpp, line 781]
Event: 0,257 Thread 0x00007f24143c6170 Exception <a 'java/lang/NoSuchMethodError'{0x0000000718c065d0}: 'java.lang.Object java.lang.invoke.DirectMethodHandle$Holder.newInvokeSpecial(java.lang.Object, java.lang.Object, java.lang.Object, java.lang.Object, java.lang.Object)'> (0x0000000718c065d0) 
thrown [open/src/hotspot/share/interpreter/linkResolver.cpp, line 781]
Event: 0,259 Thread 0x00007f24143c6170 Exception <a 'java/lang/NoSuchMethodError'{0x0000000718c12060}: 'java.lang.Object java.lang.invoke.DirectMethodHandle$Holder.invokeStatic(java.lang.Object, int, java.lang.Object, java.lang.Object, java.lang.Object, java.lang.Object)'> (0x0000000718c12060) 
thrown [open/src/hotspot/share/interpreter/linkResolver.cpp, line 781]
Event: 0,266 Thread 0x00007f24143c6170 Exception <a 'java/lang/NoSuchMethodError'{0x0000000718c382d8}: 'java.lang.Object java.lang.invoke.DirectMethodHandle$Holder.invokeStatic(java.lang.Object, int, java.lang.Object)'> (0x0000000718c382d8) 
thrown [open/src/hotspot/share/interpreter/linkResolver.cpp, line 781]
Event: 0,303 Thread 0x00007f24143c6170 Exception <a 'java/lang/ClassNotFoundException'{0x0000000718d1e408}: com/sun/swing/internal/plaf/metal/resources/spi/metalProvider> (0x0000000718d1e408) 
thrown [open/src/hotspot/share/classfile/systemDictionary.cpp, line 295]
Event: 0,304 Thread 0x00007f24143c6170 Exception <a 'java/lang/ClassNotFoundException'{0x0000000718d224a8}: com/sun/swing/internal/plaf/basic/resources/spi/basicProvider> (0x0000000718d224a8) 
thrown [open/src/hotspot/share/classfile/systemDictionary.cpp, line 295]
Event: 0,326 Thread 0x00007f24143c6170 Exception <a 'java/lang/NoSuchMethodError'{0x0000000718d4b788}: 'void java.lang.invoke.DirectMethodHandle$Holder.invokeStaticInit(java.lang.Object)'> (0x0000000718d4b788) 
thrown [open/src/hotspot/share/interpreter/linkResolver.cpp, line 781]

Events (20 events):
Event: 12,016 Executing VM operation: HandshakeAllThreads done
Event: 12,673 Thread 0x00007f23880caf30 Thread exited: 0x00007f23880caf30
Event: 13,290 Thread 0x00007f238813dec0 Thread added: 0x00007f238813dec0
Event: 13,290 Protecting memory [0x00007f2387afa000,0x00007f2387afe000] with protection modes 0
Event: 13,290 Thread 0x00007f23880ca680 Thread added: 0x00007f23880ca680
Event: 13,290 Protecting memory [0x00007f2387bfb000,0x00007f2387bff000] with protection modes 0
Event: 13,290 Thread 0x00007f23880cafe0 Thread added: 0x00007f23880cafe0
Event: 13,290 Protecting memory [0x00007f23879f9000,0x00007f23879fd000] with protection modes 0
Event: 13,290 Thread 0x00007f23880ca680 Thread exited: 0x00007f23880ca680
Event: 13,292 Thread 0x00007f238813dec0 Thread exited: 0x00007f238813dec0
Event: 14,018 Executing VM operation: HandshakeAllThreads
Event: 14,018 Executing VM operation: HandshakeAllThreads done
Event: 14,094 Thread 0x00007f23880cafe0 Thread exited: 0x00007f23880cafe0
Event: 14,602 Thread 0x00007f238813f280 Thread added: 0x00007f238813f280
Event: 14,602 Protecting memory [0x00007f23879f9000,0x00007f23879fd000] with protection modes 0
Event: 14,602 Thread 0x00007f23880ca680 Thread added: 0x00007f23880ca680
Event: 14,602 Thread 0x00007f238813f280 Thread exited: 0x00007f238813f280
Event: 14,602 Protecting memory [0x00007f2387afa000,0x00007f2387afe000] with protection modes 0
Event: 14,602 Thread 0x00007f23880cafe0 Thread added: 0x00007f23880cafe0
Event: 14,602 Protecting memory [0x00007f2387bfb000,0x00007f2387bff000] with protection modes 0


Dynamic libraries:
709a00000-719200000 rw-p 00000000 00:00 0 
719200000-7ffc00000 ---p 00000000 00:00 0 
7ffc00000-7ffd00000 rw-p 00000000 00:00 0 
7ffd00000-7ffd52000 rw-p 00be4000 08:02 6816275                          /home/danylott/.jdks/openjdk-15.0.2/lib/server/classes.jsa
7ffd52000-7ffe00000 rw-p 00000000 00:00 0 
7ffe00000-7ffe7c000 rw-p 00b68000 08:02 6816275                          /home/danylott/.jdks/openjdk-15.0.2/lib/server/classes.jsa
7ffe7c000-800000000 rw-p 00000000 00:00 0 
800000000-800003000 rwxp 00001000 08:02 6816275                          /home/danylott/.jdks/openjdk-15.0.2/lib/server/classes.jsa
800003000-8003e6000 rw-p 00004000 08:02 6816275                          /home/danylott/.jdks/openjdk-15.0.2/lib/server/classes.jsa
8003e6000-800b33000 r--p 003e7000 08:02 6816275                          /home/danylott/.jdks/openjdk-15.0.2/lib/server/classes.jsa
800b33000-800b34000 ---p 00000000 00:00 0 
800b34000-800c54000 rw-p 00000000 00:00 0 
800c54000-840b34000 ---p 00000000 00:00 0 
563702f62000-563702f63000 r-xp 00000000 08:02 6815783                    /home/danylott/.jdks/openjdk-15.0.2/bin/java
563702f64000-563702f65000 r--p 00001000 08:02 6815783                    /home/danylott/.jdks/openjdk-15.0.2/bin/java
563702f65000-563702f66000 rw-p 00002000 08:02 6815783                    /home/danylott/.jdks/openjdk-15.0.2/bin/java
5637032cb000-5637032ec000 rw-p 00000000 00:00 0                          [heap]
7f2370000000-7f2370021000 rw-p 00000000 00:00 0 
7f2370021000-7f2374000000 ---p 00000000 00:00 0 
7f2378000000-7f2378021000 rw-p 00000000 00:00 0 
7f2378021000-7f237c000000 ---p 00000000 00:00 0 
7f237c000000-7f237c021000 rw-p 00000000 00:00 0 
7f237c021000-7f2380000000 ---p 00000000 00:00 0 
7f2380000000-7f2380021000 rw-p 00000000 00:00 0 
7f2380021000-7f2384000000 ---p 00000000 00:00 0 
7f2387692000-7f23879f9000 rw-p 00000000 00:00 0 
7f23879f9000-7f23879fd000 ---p 00000000 00:00 0 
7f23879fd000-7f2387afa000 rw-p 00000000 00:00 0 
7f2387afa000-7f2387afe000 ---p 00000000 00:00 0 
7f2387afe000-7f2387bfb000 rw-p 00000000 00:00 0 
7f2387bfb000-7f2387bff000 ---p 00000000 00:00 0 
7f2387bff000-7f2387d7c000 rw-p 00000000 00:00 0 
7f2387d7c000-7f2387efc000 ---p 00000000 00:00 0 
7f2387eff000-7f2387f03000 ---p 00000000 00:00 0 
7f2387f03000-7f2388000000 rw-p 00000000 00:00 0 
7f2388000000-7f2388143000 rw-p 00000000 00:00 0 
7f2388143000-7f238c000000 ---p 00000000 00:00 0 
7f238c000000-7f238c1db000 rw-p 00000000 00:00 0 
7f238c1db000-7f2390000000 ---p 00000000 00:00 0 
7f2390000000-7f2390021000 rw-p 00000000 00:00 0 
7f2390021000-7f2394000000 ---p 00000000 00:00 0 
7f2394000000-7f2394021000 rw-p 00000000 00:00 0 
7f2394021000-7f2398000000 ---p 00000000 00:00 0 
7f2398000000-7f2398021000 rw-p 00000000 00:00 0 
7f2398021000-7f239c000000 ---p 00000000 00:00 0 
7f239c000000-7f239c021000 rw-p 00000000 00:00 0 
7f239c021000-7f23a0000000 ---p 00000000 00:00 0 
7f23a0000000-7f23a0021000 rw-p 00000000 00:00 0 
7f23a0021000-7f23a4000000 ---p 00000000 00:00 0 
7f23a4000000-7f23a4021000 rw-p 00000000 00:00 0 
7f23a4021000-7f23a8000000 ---p 00000000 00:00 0 
7f23a8000000-7f23a8021000 rw-p 00000000 00:00 0 
7f23a8021000-7f23ac000000 ---p 00000000 00:00 0 
7f23ac000000-7f23ac021000 rw-p 00000000 00:00 0 
7f23ac021000-7f23b0000000 ---p 00000000 00:00 0 
7f23b0000000-7f23b0021000 rw-p 00000000 00:00 0 
7f23b0021000-7f23b4000000 ---p 00000000 00:00 0 
7f23b4000000-7f23b4021000 rw-p 00000000 00:00 0 
7f23b4021000-7f23b8000000 ---p 00000000 00:00 0 
7f23b8000000-7f23b8472000 rw-p 00000000 00:00 0 
7f23b8472000-7f23bc000000 ---p 00000000 00:00 0 
7f23bc000000-7f23bc021000 rw-p 00000000 00:00 0 
7f23bc021000-7f23c0000000 ---p 00000000 00:00 0 
7f23c0000000-7f23c0021000 rw-p 00000000 00:00 0 
7f23c0021000-7f23c4000000 ---p 00000000 00:00 0 
7f23c4000000-7f23c4286000 rw-p 00000000 00:00 0 
7f23c4286000-7f23c8000000 ---p 00000000 00:00 0 
7f23c8000000-7f23c8021000 rw-p 00000000 00:00 0 
7f23c8021000-7f23cc000000 ---p 00000000 00:00 0 
7f23cc000000-7f23cc021000 rw-p 00000000 00:00 0 
7f23cc021000-7f23d0000000 ---p 00000000 00:00 0 
7f23d0021000-7f23d0025000 ---p 00000000 00:00 0 
7f23d0025000-7f23d0122000 rw-p 00000000 00:00 0 
7f23d0122000-7f23d0126000 ---p 00000000 00:00 0 
7f23d0126000-7f23d0223000 rw-p 00000000 00:00 0 
7f23d0223000-7f23d0227000 ---p 00000000 00:00 0 
7f23d0227000-7f23d0324000 rw-p 00000000 00:00 0 
7f23d0324000-7f23d0328000 ---p 00000000 00:00 0 
7f23d0328000-7f23d0425000 rw-p 00000000 00:00 0 
7f23d0425000-7f23d0429000 ---p 00000000 00:00 0 
7f23d0429000-7f23d0526000 rw-p 00000000 00:00 0 
7f23d0526000-7f23d0528000 r--p 00000000 08:02 4201656                    /usr/lib/x86_64-linux-gnu/libXfixes.so.3.1.0
7f23d0528000-7f23d052b000 r-xp 00002000 08:02 4201656                    /usr/lib/x86_64-linux-gnu/libXfixes.so.3.1.0
7f23d052b000-7f23d052c000 r--p 00005000 08:02 4201656                    /usr/lib/x86_64-linux-gnu/libXfixes.so.3.1.0
7f23d052c000-7f23d052d000 r--p 00005000 08:02 4201656                    /usr/lib/x86_64-linux-gnu/libXfixes.so.3.1.0
7f23d052d000-7f23d052e000 rw-p 00006000 08:02 4201656                    /usr/lib/x86_64-linux-gnu/libXfixes.so.3.1.0
7f23d0542000-7f23d0543000 ---p 00000000 00:00 0 
7f23d0543000-7f23d0d43000 rw-p 00000000 00:00 0 
7f23d0d43000-7f23d0d4e000 r--p 00000000 08:02 4851219                    /usr/lib/x86_64-linux-gnu/gio/modules/libgvfsdbus.so
7f23d0d4e000-7f23d0d6e000 r-xp 0000b000 08:02 4851219                    /usr/lib/x86_64-linux-gnu/gio/modules/libgvfsdbus.so
7f23d0d6e000-7f23d0d79000 r--p 0002b000 08:02 4851219                    /usr/lib/x86_64-linux-gnu/gio/modules/libgvfsdbus.so
7f23d0d79000-7f23d0d7a000 ---p 00036000 08:02 4851219                    /usr/lib/x86_64-linux-gnu/gio/modules/libgvfsdbus.so
7f23d0d7a000-7f23d0d7c000 r--p 00036000 08:02 4851219                    /usr/lib/x86_64-linux-gnu/gio/modules/libgvfsdbus.so
7f23d0d7c000-7f23d0d7d000 rw-p 00038000 08:02 4851219                    /usr/lib/x86_64-linux-gnu/gio/modules/libgvfsdbus.so
7f23d0d7d000-7f23d0d80000 r--p 00000000 08:02 4196480                    /usr/lib/x86_64-linux-gnu/libgcc_s.so.1
7f23d0d80000-7f23d0d92000 r-xp 00003000 08:02 4196480                    /usr/lib/x86_64-linux-gnu/libgcc_s.so.1
7f23d0d92000-7f23d0d96000 r--p 00015000 08:02 4196480                    /usr/lib/x86_64-linux-gnu/libgcc_s.so.1
7f23d0d96000-7f23d0d97000 r--p 00018000 08:02 4196480                    /usr/lib/x86_64-linux-gnu/libgcc_s.so.1
7f23d0d97000-7f23d0d98000 rw-p 00019000 08:02 4196480                    /usr/lib/x86_64-linux-gnu/libgcc_s.so.1
7f23d0d98000-7f23d0e2e000 r--p 00000000 08:02 4196483                    /usr/lib/x86_64-linux-gnu/libstdc++.so.6.0.28
7f23d0e2e000-7f23d0f1e000 r-xp 00096000 08:02 4196483                    /usr/lib/x86_64-linux-gnu/libstdc++.so.6.0.28
7f23d0f1e000-7f23d0f67000 r--p 00186000 08:02 4196483                    /usr/lib/x86_64-linux-gnu/libstdc++.so.6.0.28
7f23d0f67000-7f23d0f68000 ---p 001cf000 08:02 4196483                    /usr/lib/x86_64-linux-gnu/libstdc++.so.6.0.28
7f23d0f68000-7f23d0f73000 r--p 001cf000 08:02 4196483                    /usr/lib/x86_64-linux-gnu/libstdc++.so.6.0.28
7f23d0f73000-7f23d0f76000 rw-p 001da000 08:02 4196483                    /usr/lib/x86_64-linux-gnu/libstdc++.so.6.0.28
7f23d0f76000-7f23d0f79000 rw-p 00000000 00:00 0 
7f23d0f79000-7f23d0f81000 r--p 00000000 08:02 4199927                    /usr/lib/x86_64-linux-gnu/libproxy.so.1.0.0
7f23d0f81000-7f23d0f94000 r-xp 00008000 08:02 4199927                    /usr/lib/x86_64-linux-gnu/libproxy.so.1.0.0
7f23d0f94000-7f23d0f99000 r--p 0001b000 08:02 4199927                    /usr/lib/x86_64-linux-gnu/libproxy.so.1.0.0
7f23d0f99000-7f23d0f9a000 r--p 0001f000 08:02 4199927                    /usr/lib/x86_64-linux-gnu/libproxy.so.1.0.0
7f23d0f9a000-7f23d0f9b000 rw-p 00020000 08:02 4199927                    /usr/lib/x86_64-linux-gnu/libproxy.so.1.0.0
7f23d0f9f000-7f23d0fa2000 r--p 00000000 08:02 4201648                    /usr/lib/x86_64-linux-gnu/libXcursor.so.1.0.2
7f23d0fa2000-7f23d0fa8000 r-xp 00003000 08:02 4201648                    /usr/lib/x86_64-linux-gnu/libXcursor.so.1.0.2
7f23d0fa8000-7f23d0faa000 r--p 00009000 08:02 4201648                    /usr/lib/x86_64-linux-gnu/libXcursor.so.1.0.2
7f23d0faa000-7f23d0fab000 r--p 0000a000 08:02 4201648                    /usr/lib/x86_64-linux-gnu/libXcursor.so.1.0.2
7f23d0fab000-7f23d0fac000 rw-p 0000b000 08:02 4201648                    /usr/lib/x86_64-linux-gnu/libXcursor.so.1.0.2
7f23d0fac000-7f23d0fb5000 r--p 00000000 08:02 394891                     /home/danylott/.config/dconf/user
7f23d0fb5000-7f23d0fb6000 ---p 00000000 00:00 0 
7f23d0fb6000-7f23d17b6000 rw-p 00000000 00:00 0 
7f23d17b6000-7f23d17b7000 ---p 00000000 00:00 0 
7f23d17b7000-7f23d1fb7000 rw-p 00000000 00:00 0 
7f23d1fb7000-7f23d1fc9000 r--p 00000000 08:02 4851854                    /usr/lib/x86_64-linux-gnu/gvfs/libgvfscommon.so
7f23d1fc9000-7f23d1fe3000 r-xp 00012000 08:02 4851854                    /usr/lib/x86_64-linux-gnu/gvfs/libgvfscommon.so
7f23d1fe3000-7f23d1ff0000 r--p 0002c000 08:02 4851854                    /usr/lib/x86_64-linux-gnu/gvfs/libgvfscommon.so
7f23d1ff0000-7f23d1ff6000 r--p 00038000 08:02 4851854                    /usr/lib/x86_64-linux-gnu/gvfs/libgvfscommon.so
7f23d1ff6000-7f23d1ff7000 rw-p 0003e000 08:02 4851854                    /usr/lib/x86_64-linux-gnu/gvfs/libgvfscommon.so
7f23d1ff7000-7f23d1ffe000 r--p 00000000 08:02 4851218                    /usr/lib/x86_64-linux-gnu/gio/modules/libgioremote-volume-monitor.so
7f23d1ffe000-7f23d200d000 r-xp 00007000 08:02 4851218                    /usr/lib/x86_64-linux-gnu/gio/modules/libgioremote-volume-monitor.so
7f23d200d000-7f23d2014000 r--p 00016000 08:02 4851218                    /usr/lib/x86_64-linux-gnu/gio/modules/libgioremote-volume-monitor.so
7f23d2014000-7f23d2018000 r--p 0001c000 08:02 4851218                    /usr/lib/x86_64-linux-gnu/gio/modules/libgioremote-volume-monitor.so
7f23d2018000-7f23d2019000 rw-p 00020000 08:02 4851218                    /usr/lib/x86_64-linux-gnu/gio/modules/libgioremote-volume-monitor.so
7f23d2019000-7f23d204a000 r--p 00000000 08:02 5505881                    /usr/share/glib-2.0/schemas/gschemas.compiled
7f23d204a000-7f23d204c000 r--p 00000000 08:02 4202660                    /usr/lib/x86_64-linux-gnu/libpcre2-8.so.0.9.0
7f23d204c000-7f23d20b0000 r-xp 00002000 08:02 4202660                    /usr/lib/x86_64-linux-gnu/libpcre2-8.so.0.9.0
7f23d20b0000-7f23d20d8000 r--p 00066000 08:02 4202660                    /usr/lib/x86_64-linux-gnu/libpcre2-8.so.0.9.0
7f23d20d8000-7f23d20d9000 r--p 0008d000 08:02 4202660                    /usr/lib/x86_64-linux-gnu/libpcre2-8.so.0.9.0
7f23d20d9000-7f23d20da000 rw-p 0008e000 08:02 4202660                    /usr/lib/x86_64-linux-gnu/libpcre2-8.so.0.9.0
7f23d20da000-7f23d20e4000 r--p 00000000 08:02 4194583                    /usr/lib/x86_64-linux-gnu/libblkid.so.1.1.0
7f23d20e4000-7f23d211a000 r-xp 0000a000 08:02 4194583                    /usr/lib/x86_64-linux-gnu/libblkid.so.1.1.0
7f23d211a000-7f23d212a000 r--p 00040000 08:02 4194583                    /usr/lib/x86_64-linux-gnu/libblkid.so.1.1.0
7f23d212a000-7f23d212b000 ---p 00050000 08:02 4194583                    /usr/lib/x86_64-linux-gnu/libblkid.so.1.1.0
7f23d212b000-7f23d2130000 r--p 00050000 08:02 4194583                    /usr/lib/x86_64-linux-gnu/libblkid.so.1.1.0
7f23d2130000-7f23d2131000 rw-p 00055000 08:02 4194583                    /usr/lib/x86_64-linux-gnu/libblkid.so.1.1.0
7f23d2131000-7f23d2133000 r--p 00000000 08:02 4202042                    /usr/lib/x86_64-linux-gnu/libffi.so.7.1.0
7f23d2133000-7f23d2139000 r-xp 00002000 08:02 4202042                    /usr/lib/x86_64-linux-gnu/libffi.so.7.1.0
7f23d2139000-7f23d213a000 r--p 00008000 08:02 4202042                    /usr/lib/x86_64-linux-gnu/libffi.so.7.1.0
7f23d213a000-7f23d213b000 ---p 00009000 08:02 4202042                    /usr/lib/x86_64-linux-gnu/libffi.so.7.1.0
7f23d213b000-7f23d213c000 r--p 00009000 08:02 4202042                    /usr/lib/x86_64-linux-gnu/libffi.so.7.1.0
7f23d213c000-7f23d213d000 rw-p 0000a000 08:02 4202042                    /usr/lib/x86_64-linux-gnu/libffi.so.7.1.0
7f23d213d000-7f23d213f000 r--p 00000000 08:02 4202656                    /usr/lib/x86_64-linux-gnu/libpcre.so.3.13.3
7f23d213f000-7f23d2190000 r-xp 00002000 08:02 4202656                    /usr/lib/x86_64-linux-gnu/libpcre.so.3.13.3
7f23d2190000-7f23d21ae000 r--p 00053000 08:02 4202656                    /usr/lib/x86_64-linux-gnu/libpcre.so.3.13.3
7f23d21ae000-7f23d21af000 r--p 00070000 08:02 4202656                    /usr/lib/x86_64-linux-gnu/libpcre.so.3.13.3
7f23d21af000-7f23d21b0000 rw-p 00071000 08:02 4202656                    /usr/lib/x86_64-linux-gnu/libpcre.so.3.13.3
7f23d21b0000-7f23d21b4000 r--p 00000000 08:02 4196507                    /usr/lib/x86_64-linux-gnu/libresolv-2.31.so
7f23d21b4000-7f23d21c4000 r-xp 00004000 08:02 4196507                    /usr/lib/x86_64-linux-gnu/libresolv-2.31.so
7f23d21c4000-7f23d21c7000 r--p 00014000 08:02 4196507                    /usr/lib/x86_64-linux-gnu/libresolv-2.31.so
7f23d21c7000-7f23d21c8000 ---p 00017000 08:02 4196507                    /usr/lib/x86_64-linux-gnu/libresolv-2.31.so
7f23d21c8000-7f23d21c9000 r--p 00017000 08:02 4196507                    /usr/lib/x86_64-linux-gnu/libresolv-2.31.so
7f23d21c9000-7f23d21ca000 rw-p 00018000 08:02 4196507                    /usr/lib/x86_64-linux-gnu/libresolv-2.31.so
7f23d21ca000-7f23d21cc000 rw-p 00000000 00:00 0 
7f23d21cc000-7f23d21d2000 r--p 00000000 08:02 4202814                    /usr/lib/x86_64-linux-gnu/libselinux.so.1
7f23d21d2000-7f23d21eb000 r-xp 00006000 08:02 4202814                    /usr/lib/x86_64-linux-gnu/libselinux.so.1
7f23d21eb000-7f23d21f2000 r--p 0001f000 08:02 4202814                    /usr/lib/x86_64-linux-gnu/libselinux.so.1
7f23d21f2000-7f23d21f3000 ---p 00026000 08:02 4202814                    /usr/lib/x86_64-linux-gnu/libselinux.so.1
7f23d21f3000-7f23d21f4000 r--p 00026000 08:02 4202814                    /usr/lib/x86_64-linux-gnu/libselinux.so.1
7f23d21f4000-7f23d21f5000 rw-p 00027000 08:02 4202814                    /usr/lib/x86_64-linux-gnu/libselinux.so.1
7f23d21f5000-7f23d21f7000 rw-p 00000000 00:00 0 
7f23d21f7000-7f23d2202000 r--p 00000000 08:02 4195207                    /usr/lib/x86_64-linux-gnu/libmount.so.1.1.0
7f23d2202000-7f23d2240000 r-xp 0000b000 08:02 4195207                    /usr/lib/x86_64-linux-gnu/libmount.so.1.1.0
7f23d2240000-7f23d2253000 r--p 00049000 08:02 4195207                    /usr/lib/x86_64-linux-gnu/libmount.so.1.1.0
7f23d2253000-7f23d2256000 r--p 0005b000 08:02 4195207                    /usr/lib/x86_64-linux-gnu/libmount.so.1.1.0
7f23d2256000-7f23d2257000 rw-p 0005e000 08:02 4195207                    /usr/lib/x86_64-linux-gnu/libmount.so.1.1.0
7f23d2257000-7f23d2258000 r--p 00000000 08:02 4202158                    /usr/lib/x86_64-linux-gnu/libgmodule-2.0.so.0.6400.3
7f23d2258000-7f23d225a000 r-xp 00001000 08:02 4202158                    /usr/lib/x86_64-linux-gnu/libgmodule-2.0.so.0.6400.3
7f23d225a000-7f23d225b000 r--p 00003000 08:02 4202158                    /usr/lib/x86_64-linux-gnu/libgmodule-2.0.so.0.6400.3
7f23d225b000-7f23d225c000 r--p 00003000 08:02 4202158                    /usr/lib/x86_64-linux-gnu/libgmodule-2.0.so.0.6400.3
7f23d225c000-7f23d225d000 rw-p 00004000 08:02 4202158                    /usr/lib/x86_64-linux-gnu/libgmodule-2.0.so.0.6400.3
7f23d225d000-7f23d226b000 r--p 00000000 08:02 4202182                    /usr/lib/x86_64-linux-gnu/libgobject-2.0.so.0.6400.3
7f23d226b000-7f23d22a1000 r-xp 0000e000 08:02 4202182                    /usr/lib/x86_64-linux-gnu/libgobject-2.0.so.0.6400.3
7f23d22a1000-7f23d22b9000 r--p 00044000 08:02 4202182                    /usr/lib/x86_64-linux-gnu/libgobject-2.0.so.0.6400.3
7f23d22b9000-7f23d22bc000 r--p 0005b000 08:02 4202182                    /usr/lib/x86_64-linux-gnu/libgobject-2.0.so.0.6400.3
7f23d22bc000-7f23d22bd000 rw-p 0005e000 08:02 4202182                    /usr/lib/x86_64-linux-gnu/libgobject-2.0.so.0.6400.3
7f23d22bd000-7f23d22d9000 r--p 00000000 08:02 4202152                    /usr/lib/x86_64-linux-gnu/libglib-2.0.so.0.6400.3
7f23d22d9000-7f23d235d000 r-xp 0001c000 08:02 4202152                    /usr/lib/x86_64-linux-gnu/libglib-2.0.so.0.6400.3
7f23d235d000-7f23d23e2000 r--p 000a0000 08:02 4202152                    /usr/lib/x86_64-linux-gnu/libglib-2.0.so.0.6400.3
7f23d23e2000-7f23d23e3000 ---p 00125000 08:02 4202152                    /usr/lib/x86_64-linux-gnu/libglib-2.0.so.0.6400.3
7f23d23e3000-7f23d23e4000 r--p 00125000 08:02 4202152                    /usr/lib/x86_64-linux-gnu/libglib-2.0.so.0.6400.3
7f23d23e4000-7f23d23e5000 rw-p 00126000 08:02 4202152                    /usr/lib/x86_64-linux-gnu/libglib-2.0.so.0.6400.3
7f23d23e5000-7f23d23e6000 rw-p 00000000 00:00 0 
7f23d23e6000-7f23d241e000 r--p 00000000 08:02 4202142                    /usr/lib/x86_64-linux-gnu/libgio-2.0.so.0.6400.3
7f23d241e000-7f23d2531000 r-xp 00038000 08:02 4202142                    /usr/lib/x86_64-linux-gnu/libgio-2.0.so.0.6400.3
7f23d2531000-7f23d25ba000 r--p 0014b000 08:02 4202142                    /usr/lib/x86_64-linux-gnu/libgio-2.0.so.0.6400.3
7f23d25ba000-7f23d25bb000 ---p 001d4000 08:02 4202142                    /usr/lib/x86_64-linux-gnu/libgio-2.0.so.0.6400.3
7f23d25bb000-7f23d25c4000 r--p 001d4000 08:02 4202142                    /usr/lib/x86_64-linux-gnu/libgio-2.0.so.0.6400.3
7f23d25c4000-7f23d25c5000 rw-p 001dd000 08:02 4202142                    /usr/lib/x86_64-linux-gnu/libgio-2.0.so.0.6400.3
7f23d25c5000-7f23d25c7000 rw-p 00000000 00:00 0 
7f23d25c7000-7f23d25c9000 r--p 00000000 08:02 4201672                    /usr/lib/x86_64-linux-gnu/libXrandr.so.2.2.0
7f23d25c9000-7f23d25d0000 r-xp 00002000 08:02 4201672                    /usr/lib/x86_64-linux-gnu/libXrandr.so.2.2.0
7f23d25d0000-7f23d25d2000 r--p 00009000 08:02 4201672                    /usr/lib/x86_64-linux-gnu/libXrandr.so.2.2.0
7f23d25d2000-7f23d25d3000 r--p 0000a000 08:02 4201672                    /usr/lib/x86_64-linux-gnu/libXrandr.so.2.2.0
7f23d25d3000-7f23d25d4000 rw-p 0000b000 08:02 4201672                    /usr/lib/x86_64-linux-gnu/libXrandr.so.2.2.0
7f23d25d4000-7f23d25d9000 r--p 00000000 08:02 4202694                    /usr/lib/x86_64-linux-gnu/libpng16.so.16.37.0
7f23d25d9000-7f23d25fe000 r-xp 00005000 08:02 4202694                    /usr/lib/x86_64-linux-gnu/libpng16.so.16.37.0
7f23d25fe000-7f23d260a000 r--p 0002a000 08:02 4202694                    /usr/lib/x86_64-linux-gnu/libpng16.so.16.37.0
7f23d260a000-7f23d260b000 r--p 00035000 08:02 4202694                    /usr/lib/x86_64-linux-gnu/libpng16.so.16.37.0
7f23d260b000-7f23d260c000 rw-p 00036000 08:02 4202694                    /usr/lib/x86_64-linux-gnu/libpng16.so.16.37.0
7f23d260c000-7f23d2618000 r--p 00000000 08:02 4201999                    /usr/lib/x86_64-linux-gnu/libfreetype.so.6.17.1
7f23d2618000-7f23d2698000 r-xp 0000c000 08:02 4201999                    /usr/lib/x86_64-linux-gnu/libfreetype.so.6.17.1
7f23d2698000-7f23d26c2000 r--p 0008c000 08:02 4201999                    /usr/lib/x86_64-linux-gnu/libfreetype.so.6.17.1
7f23d26c2000-7f23d26c3000 ---p 000b6000 08:02 4201999                    /usr/lib/x86_64-linux-gnu/libfreetype.so.6.17.1
7f23d26c3000-7f23d26ca000 r--p 000b6000 08:02 4201999                    /usr/lib/x86_64-linux-gnu/libfreetype.so.6.17.1
7f23d26ca000-7f23d26cb000 rw-p 000bd000 08:02 4201999                    /usr/lib/x86_64-linux-gnu/libfreetype.so.6.17.1
7f23d26cb000-7f23d280f000 r-xp 00000000 08:02 6816237                    /home/danylott/.jdks/openjdk-15.0.2/lib/libfontmanager.so
7f23d280f000-7f23d2810000 ---p 00144000 08:02 6816237                    /home/danylott/.jdks/openjdk-15.0.2/lib/libfontmanager.so
7f23d2810000-7f23d2812000 r--p 00144000 08:02 6816237                    /home/danylott/.jdks/openjdk-15.0.2/lib/libfontmanager.so
7f23d2812000-7f23d2813000 rw-p 00146000 08:02 6816237                    /home/danylott/.jdks/openjdk-15.0.2/lib/libfontmanager.so
7f23d2813000-7f23d2816000 rw-p 00000000 00:00 0 
7f23d2816000-7f23d281a000 r--p 00000000 08:02 4201808                    /usr/lib/x86_64-linux-gnu/libbsd.so.0.10.0
7f23d281a000-7f23d2829000 r-xp 00004000 08:02 4201808                    /usr/lib/x86_64-linux-gnu/libbsd.so.0.10.0
7f23d2829000-7f23d282c000 r--p 00013000 08:02 4201808                    /usr/lib/x86_64-linux-gnu/libbsd.so.0.10.0
7f23d282c000-7f23d282d000 ---p 00016000 08:02 4201808                    /usr/lib/x86_64-linux-gnu/libbsd.so.0.10.0
7f23d282d000-7f23d282e000 r--p 00016000 08:02 4201808                    /usr/lib/x86_64-linux-gnu/libbsd.so.0.10.0
7f23d282e000-7f23d282f000 rw-p 00017000 08:02 4201808                    /usr/lib/x86_64-linux-gnu/libbsd.so.0.10.0
7f23d282f000-7f23d2830000 rw-p 00000000 00:00 0 
7f23d2830000-7f23d2832000 r--p 00000000 08:02 4201652                    /usr/lib/x86_64-linux-gnu/libXdmcp.so.6.0.0
7f23d2832000-7f23d2834000 r-xp 00002000 08:02 4201652                    /usr/lib/x86_64-linux-gnu/libXdmcp.so.6.0.0
7f23d2834000-7f23d2836000 r--p 00004000 08:02 4201652                    /usr/lib/x86_64-linux-gnu/libXdmcp.so.6.0.0
7f23d2836000-7f23d2837000 r--p 00005000 08:02 4201652                    /usr/lib/x86_64-linux-gnu/libXdmcp.so.6.0.0
7f23d2837000-7f23d2838000 rw-p 00006000 08:02 4201652                    /usr/lib/x86_64-linux-gnu/libXdmcp.so.6.0.0
7f23d2838000-7f23d2843000 r--p 00000000 08:02 4203112                    /usr/lib/x86_64-linux-gnu/libxcb.so.1.1.0
7f23d2843000-7f23d2857000 r-xp 0000b000 08:02 4203112                    /usr/lib/x86_64-linux-gnu/libxcb.so.1.1.0
7f23d2857000-7f23d2860000 r--p 0001f000 08:02 4203112                    /usr/lib/x86_64-linux-gnu/libxcb.so.1.1.0
7f23d2860000-7f23d2861000 r--p 00027000 08:02 4203112                    /usr/lib/x86_64-linux-gnu/libxcb.so.1.1.0
7f23d2861000-7f23d2862000 rw-p 00028000 08:02 4203112                    /usr/lib/x86_64-linux-gnu/libxcb.so.1.1.0
7f23d2862000-7f23d2864000 r--p 00000000 08:02 4201662                    /usr/lib/x86_64-linux-gnu/libXi.so.6.1.0
7f23d2864000-7f23d286f000 r-xp 00002000 08:02 4201662                    /usr/lib/x86_64-linux-gnu/libXi.so.6.1.0
7f23d286f000-7f23d2872000 r--p 0000d000 08:02 4201662                    /usr/lib/x86_64-linux-gnu/libXi.so.6.1.0
7f23d2872000-7f23d2873000 r--p 0000f000 08:02 4201662                    /usr/lib/x86_64-linux-gnu/libXi.so.6.1.0
7f23d2873000-7f23d2874000 rw-p 00010000 08:02 4201662                    /usr/lib/x86_64-linux-gnu/libXi.so.6.1.0
7f23d2874000-7f23d2879000 r-xp 00000000 08:02 4201680                    /usr/lib/x86_64-linux-gnu/libXtst.so.6.1.0
7f23d2879000-7f23d2a78000 ---p 00005000 08:02 4201680                    /usr/lib/x86_64-linux-gnu/libXtst.so.6.1.0
7f23d2a78000-7f23d2a79000 r--p 00004000 08:02 4201680                    /usr/lib/x86_64-linux-gnu/libXtst.so.6.1.0
7f23d2a79000-7f23d2a7a000 rw-p 00005000 08:02 4201680                    /usr/lib/x86_64-linux-gnu/libXtst.so.6.1.0
7f23d2a7a000-7f23d2a83000 r-xp 00000000 08:02 4201674                    /usr/lib/x86_64-linux-gnu/libXrender.so.1.3.0
7f23d2a83000-7f23d2c82000 ---p 00009000 08:02 4201674                    /usr/lib/x86_64-linux-gnu/libXrender.so.1.3.0
7f23d2c82000-7f23d2c83000 r--p 00008000 08:02 4201674                    /usr/lib/x86_64-linux-gnu/libXrender.so.1.3.0
7f23d2c83000-7f23d2c84000 rw-p 00009000 08:02 4201674                    /usr/lib/x86_64-linux-gnu/libXrender.so.1.3.0
7f23d2c84000-7f23d2c9c000 r--p 00000000 08:02 4195127                    /usr/lib/x86_64-linux-gnu/libX11.so.6.3.0
7f23d2c9c000-7f23d2d27000 r-xp 00018000 08:02 4195127                    /usr/lib/x86_64-linux-gnu/libX11.so.6.3.0
7f23d2d27000-7f23d2dbb000 r--p 000a3000 08:02 4195127                    /usr/lib/x86_64-linux-gnu/libX11.so.6.3.0
7f23d2dbb000-7f23d2dbc000 ---p 00137000 08:02 4195127                    /usr/lib/x86_64-linux-gnu/libX11.so.6.3.0
7f23d2dbc000-7f23d2dbd000 r--p 00137000 08:02 4195127                    /usr/lib/x86_64-linux-gnu/libX11.so.6.3.0
7f23d2dbd000-7f23d2dc1000 rw-p 00138000 08:02 4195127                    /usr/lib/x86_64-linux-gnu/libX11.so.6.3.0
7f23d2dc1000-7f23d2dc5000 r--p 00000000 08:02 4201654                    /usr/lib/x86_64-linux-gnu/libXext.so.6.4.0
7f23d2dc5000-7f23d2dd0000 r-xp 00004000 08:02 4201654                    /usr/lib/x86_64-linux-gnu/libXext.so.6.4.0
7f23d2dd0000-7f23d2dd4000 r--p 0000f000 08:02 4201654                    /usr/lib/x86_64-linux-gnu/libXext.so.6.4.0
7f23d2dd4000-7f23d2dd5000 r--p 00012000 08:02 4201654                    /usr/lib/x86_64-linux-gnu/libXext.so.6.4.0
7f23d2dd5000-7f23d2dd6000 rw-p 00013000 08:02 4201654                    /usr/lib/x86_64-linux-gnu/libXext.so.6.4.0
7f23d2dd8000-7f23d2ddc000 r--p 00000000 08:02 4851214                    /usr/lib/x86_64-linux-gnu/gio/modules/libdconfsettings.so
7f23d2ddc000-7f23d2de4000 r-xp 00004000 08:02 4851214                    /usr/lib/x86_64-linux-gnu/gio/modules/libdconfsettings.so
7f23d2de4000-7f23d2de7000 r--p 0000c000 08:02 4851214                    /usr/lib/x86_64-linux-gnu/gio/modules/libdconfsettings.so
7f23d2de7000-7f23d2de8000 ---p 0000f000 08:02 4851214                    /usr/lib/x86_64-linux-gnu/gio/modules/libdconfsettings.so
7f23d2de8000-7f23d2de9000 r--p 0000f000 08:02 4851214                    /usr/lib/x86_64-linux-gnu/gio/modules/libdconfsettings.so
7f23d2de9000-7f23d2dea000 rw-p 00010000 08:02 4851214                    /usr/lib/x86_64-linux-gnu/gio/modules/libdconfsettings.so
7f23d2dea000-7f23d2e91000 r-xp 00000000 08:02 6816232                    /home/danylott/.jdks/openjdk-15.0.2/lib/libawt.so
7f23d2e91000-7f23d2e92000 ---p 000a7000 08:02 6816232                    /home/danylott/.jdks/openjdk-15.0.2/lib/libawt.so
7f23d2e92000-7f23d2e94000 r--p 000a7000 08:02 6816232                    /home/danylott/.jdks/openjdk-15.0.2/lib/libawt.so
7f23d2e94000-7f23d2e9f000 rw-p 000a9000 08:02 6816232                    /home/danylott/.jdks/openjdk-15.0.2/lib/libawt.so
7f23d2e9f000-7f23d2ec4000 rw-p 00000000 00:00 0 
7f23d2ec4000-7f23d2ec5000 ---p 00000000 00:00 0 
7f23d2ec5000-7f23d2fc6000 rw-p 00000000 00:00 0 
7f23d2fc6000-7f23d2fca000 ---p 00000000 00:00 0 
7f23d2fca000-7f23d30c7000 rw-p 00000000 00:00 0 
7f23d30c7000-7f23d30cb000 ---p 00000000 00:00 0 
7f23d30cb000-7f23d31c8000 rw-p 00000000 00:00 0 
7f23d31c8000-7f23d31cc000 ---p 00000000 00:00 0 
7f23d31cc000-7f23d32c9000 rw-p 00000000 00:00 0 
7f23d32c9000-7f23d32cd000 ---p 00000000 00:00 0 
7f23d32cd000-7f23d33ca000 rw-p 00000000 00:00 0 
7f23d33ca000-7f23d33ce000 ---p 00000000 00:00 0 
7f23d33ce000-7f23d34cb000 rw-p 00000000 00:00 0 
7f23d34cb000-7f23d34cf000 ---p 00000000 00:00 0 
7f23d34cf000-7f23d35cc000 rw-p 00000000 00:00 0 
7f23d35cc000-7f23d35d0000 ---p 00000000 00:00 0 
7f23d35d0000-7f23d36cd000 rw-p 00000000 00:00 0 
7f23d36cd000-7f23d36d1000 ---p 00000000 00:00 0 
7f23d36d1000-7f23d37ce000 rw-p 00000000 00:00 0 
7f23d37ce000-7f23d4000000 r--p 00000000 08:02 4199483                    /usr/lib/locale/locale-archive
7f23d4000000-7f23d4021000 rw-p 00000000 00:00 0 
7f23d4021000-7f23d8000000 ---p 00000000 00:00 0 
7f23d8000000-7f23d8021000 rw-p 00000000 00:00 0 
7f23d8021000-7f23dc000000 ---p 00000000 00:00 0 
7f23dc000000-7f23dc021000 rw-p 00000000 00:00 0 
7f23dc021000-7f23e0000000 ---p 00000000 00:00 0 
7f23e0000000-7f23e0021000 rw-p 00000000 00:00 0 
7f23e0021000-7f23e4000000 ---p 00000000 00:00 0 
7f23e4000000-7f23e4021000 rw-p 00000000 00:00 0 
7f23e4021000-7f23e8000000 ---p 00000000 00:00 0 
7f23e8000000-7f23e8021000 rw-p 00000000 00:00 0 
7f23e8021000-7f23ec000000 ---p 00000000 00:00 0 
7f23ec000000-7f23ec021000 rw-p 00000000 00:00 0 
7f23ec021000-7f23f0000000 ---p 00000000 00:00 0 
7f23f0000000-7f23f0001000 r--p 00000000 08:02 4201664                    /usr/lib/x86_64-linux-gnu/libXinerama.so.1.0.0
7f23f0001000-7f23f0002000 r-xp 00001000 08:02 4201664                    /usr/lib/x86_64-linux-gnu/libXinerama.so.1.0.0
7f23f0002000-7f23f0003000 r--p 00002000 08:02 4201664                    /usr/lib/x86_64-linux-gnu/libXinerama.so.1.0.0
7f23f0003000-7f23f0004000 r--p 00002000 08:02 4201664                    /usr/lib/x86_64-linux-gnu/libXinerama.so.1.0.0
7f23f0004000-7f23f0005000 rw-p 00003000 08:02 4201664                    /usr/lib/x86_64-linux-gnu/libXinerama.so.1.0.0
7f23f0005000-7f23f0006000 r--p 00000000 08:02 4201641                    /usr/lib/x86_64-linux-gnu/libXau.so.6.0.0
7f23f0006000-7f23f0008000 r-xp 00001000 08:02 4201641                    /usr/lib/x86_64-linux-gnu/libXau.so.6.0.0
7f23f0008000-7f23f0009000 r--p 00003000 08:02 4201641                    /usr/lib/x86_64-linux-gnu/libXau.so.6.0.0
7f23f0009000-7f23f000a000 r--p 00003000 08:02 4201641                    /usr/lib/x86_64-linux-gnu/libXau.so.6.0.0
7f23f000a000-7f23f000b000 rw-p 00004000 08:02 4201641                    /usr/lib/x86_64-linux-gnu/libXau.so.6.0.0
7f23f000b000-7f23f0066000 r-xp 00000000 08:02 6816234                    /home/danylott/.jdks/openjdk-15.0.2/lib/libawt_xawt.so
7f23f0066000-7f23f0067000 ---p 0005b000 08:02 6816234                    /home/danylott/.jdks/openjdk-15.0.2/lib/libawt_xawt.so
7f23f0067000-7f23f0068000 r--p 0005b000 08:02 6816234                    /home/danylott/.jdks/openjdk-15.0.2/lib/libawt_xawt.so
7f23f0068000-7f23f006a000 rw-p 0005c000 08:02 6816234                    /home/danylott/.jdks/openjdk-15.0.2/lib/libawt_xawt.so
7f23f006a000-7f23f006c000 rw-p 00000000 00:00 0 
7f23f006c000-7f23f0081000 r-xp 00000000 08:02 6816256                    /home/danylott/.jdks/openjdk-15.0.2/lib/libnet.so
7f23f0081000-7f23f0082000 r--p 00014000 08:02 6816256                    /home/danylott/.jdks/openjdk-15.0.2/lib/libnet.so
7f23f0082000-7f23f0083000 rw-p 00015000 08:02 6816256                    /home/danylott/.jdks/openjdk-15.0.2/lib/libnet.so
7f23f0083000-7f23f0095000 r-xp 00000000 08:02 6816257                    /home/danylott/.jdks/openjdk-15.0.2/lib/libnio.so
7f23f0095000-7f23f0096000 r--p 00011000 08:02 6816257                    /home/danylott/.jdks/openjdk-15.0.2/lib/libnio.so
7f23f0096000-7f23f0097000 rw-p 00012000 08:02 6816257                    /home/danylott/.jdks/openjdk-15.0.2/lib/libnio.so
7f23f0097000-7f23f009b000 ---p 00000000 00:00 0 
7f23f009b000-7f23f0198000 rw-p 00000000 00:00 0 
7f23f0198000-7f23f019c000 ---p 00000000 00:00 0 
7f23f019c000-7f23f0299000 rw-p 00000000 00:00 0 
7f23f0299000-7f23f029a000 ---p 00000000 00:00 0 
7f23f029a000-7f23f0cb8000 rw-p 00000000 00:00 0 
7f23f0cbb000-7f23f0cbc000 ---p 00000000 00:00 0 
7f23f0cbc000-7f23f0dbd000 rw-p 00000000 00:00 0 
7f23f0dbd000-7f23f0dbe000 ---p 00000000 00:00 0 
7f23f0dbe000-7f23f36c7000 rw-p 00000000 00:00 0 
7f23f36c7000-7f23f36c8000 ---p 00000000 00:00 0 
7f23f36c8000-7f23f37c9000 rw-p 00000000 00:00 0 
7f23f37c9000-7f23f37ca000 ---p 00000000 00:00 0 
7f23f37ca000-7f23f38cb000 rw-p 00000000 00:00 0 
7f23f38cb000-7f23f38cc000 ---p 00000000 00:00 0 
7f23f38cc000-7f23f3dad000 rw-p 00000000 00:00 0 
7f23f3dad000-7f23f7755000 ---p 00000000 00:00 0 
7f23f7755000-7f23f7b45000 rw-p 00000000 00:00 0 
7f23f7b45000-7f23fb4ed000 ---p 00000000 00:00 0 
7f23fb4ed000-7f23fb579000 rw-p 00000000 00:00 0 
7f23fb579000-7f23fbcae000 ---p 00000000 00:00 0 
7f23fbcae000-7f23fbd2c000 rw-p 00000000 00:00 0 
7f23fbd2c000-7f23fc461000 ---p 00000000 00:00 0 
7f23fc461000-7f23fc4df000 rw-p 00000000 00:00 0 
7f23fc4df000-7f23fcc14000 ---p 00000000 00:00 0 
7f23fcc14000-7f23fcd17000 rw-p 00000000 00:00 0 
7f23fcd17000-7f23fcf87000 rwxp 00000000 00:00 0 
7f23fcf87000-7f23fd2a9000 ---p 00000000 00:00 0 
7f23fd2a9000-7f23fd519000 rwxp 00000000 00:00 0 
7f23fd519000-7f24047e0000 ---p 00000000 00:00 0 
7f24047e0000-7f2404a50000 rwxp 00000000 00:00 0 
7f2404a50000-7f240bd17000 ---p 00000000 00:00 0 
7f240bd17000-7f2414000000 r--s 00000000 08:02 6816266                    /home/danylott/.jdks/openjdk-15.0.2/lib/modules
7f2414000000-7f24143e6000 rw-p 00000000 00:00 0 
7f24143e6000-7f2418000000 ---p 00000000 00:00 0 
7f2418001000-7f2418008000 r-xp 00000000 08:02 6816265                    /home/danylott/.jdks/openjdk-15.0.2/lib/libzip.so
7f2418008000-7f2418009000 ---p 00007000 08:02 6816265                    /home/danylott/.jdks/openjdk-15.0.2/lib/libzip.so
7f2418009000-7f241800a000 r--p 00007000 08:02 6816265                    /home/danylott/.jdks/openjdk-15.0.2/lib/libzip.so
7f241800a000-7f241800b000 rw-p 00008000 08:02 6816265                    /home/danylott/.jdks/openjdk-15.0.2/lib/libzip.so
7f241800b000-7f2418797000 rw-p 00000000 00:00 0 
7f2418797000-7f241887d000 ---p 00000000 00:00 0 
7f241887d000-7f2418882000 rw-p 00000000 00:00 0 
7f2418882000-7f2418968000 ---p 00000000 00:00 0 
7f2418968000-7f241896b000 r--p 00000000 08:02 4196497                    /usr/lib/x86_64-linux-gnu/libnss_files-2.31.so
7f241896b000-7f2418972000 r-xp 00003000 08:02 4196497                    /usr/lib/x86_64-linux-gnu/libnss_files-2.31.so
7f2418972000-7f2418974000 r--p 0000a000 08:02 4196497                    /usr/lib/x86_64-linux-gnu/libnss_files-2.31.so
7f2418974000-7f2418975000 r--p 0000b000 08:02 4196497                    /usr/lib/x86_64-linux-gnu/libnss_files-2.31.so
7f2418975000-7f2418976000 rw-p 0000c000 08:02 4196497                    /usr/lib/x86_64-linux-gnu/libnss_files-2.31.so
7f2418976000-7f2418981000 rw-p 00000000 00:00 0 
7f2418981000-7f2418988000 ---p 00000000 00:00 0 
7f2418988000-7f2418990000 rw-s 00000000 08:02 10354817                   /tmp/hsperfdata_danylott/102785
7f2418990000-7f24189b4000 r-xp 00000000 08:02 6816243                    /home/danylott/.jdks/openjdk-15.0.2/lib/libjava.so
7f24189b4000-7f24189b5000 ---p 00024000 08:02 6816243                    /home/danylott/.jdks/openjdk-15.0.2/lib/libjava.so
7f24189b5000-7f24189b6000 r--p 00024000 08:02 6816243                    /home/danylott/.jdks/openjdk-15.0.2/lib/libjava.so
7f24189b6000-7f24189b7000 rw-p 00025000 08:02 6816243                    /home/danylott/.jdks/openjdk-15.0.2/lib/libjava.so
7f24189b7000-7f24189b8000 rw-p 00000000 00:00 0 
7f24189b8000-7f24189d4000 r-xp 00000000 08:02 6816247                    /home/danylott/.jdks/openjdk-15.0.2/lib/libjimage.so
7f24189d4000-7f24189d6000 r--p 0001b000 08:02 6816247                    /home/danylott/.jdks/openjdk-15.0.2/lib/libjimage.so
7f24189d6000-7f24189d7000 rw-p 0001d000 08:02 6816247                    /home/danylott/.jdks/openjdk-15.0.2/lib/libjimage.so
7f24189d7000-7f24189da000 r--p 00000000 08:02 4196508                    /usr/lib/x86_64-linux-gnu/librt-2.31.so
7f24189da000-7f24189de000 r-xp 00003000 08:02 4196508                    /usr/lib/x86_64-linux-gnu/librt-2.31.so
7f24189de000-7f24189df000 r--p 00007000 08:02 4196508                    /usr/lib/x86_64-linux-gnu/librt-2.31.so
7f24189df000-7f24189e0000 ---p 00008000 08:02 4196508                    /usr/lib/x86_64-linux-gnu/librt-2.31.so
7f24189e0000-7f24189e1000 r--p 00008000 08:02 4196508                    /usr/lib/x86_64-linux-gnu/librt-2.31.so
7f24189e1000-7f24189e2000 rw-p 00009000 08:02 4196508                    /usr/lib/x86_64-linux-gnu/librt-2.31.so
7f24189e2000-7f24189e6000 ---p 00000000 00:00 0 
7f24189e6000-7f2418ae3000 rw-p 00000000 00:00 0 
7f2418ae3000-7f2418af2000 r--p 00000000 08:02 4196491                    /usr/lib/x86_64-linux-gnu/libm-2.31.so
7f2418af2000-7f2418b99000 r-xp 0000f000 08:02 4196491                    /usr/lib/x86_64-linux-gnu/libm-2.31.so
7f2418b99000-7f2418c30000 r--p 000b6000 08:02 4196491                    /usr/lib/x86_64-linux-gnu/libm-2.31.so
7f2418c30000-7f2418c31000 r--p 0014c000 08:02 4196491                    /usr/lib/x86_64-linux-gnu/libm-2.31.so
7f2418c31000-7f2418c32000 rw-p 0014d000 08:02 4196491                    /usr/lib/x86_64-linux-gnu/libm-2.31.so
7f2418c32000-7f2419c79000 r-xp 00000000 08:02 6816278                    /home/danylott/.jdks/openjdk-15.0.2/lib/server/libjvm.so
7f2419c79000-7f2419c7a000 ---p 01047000 08:02 6816278                    /home/danylott/.jdks/openjdk-15.0.2/lib/server/libjvm.so
7f2419c7a000-7f2419d14000 r--p 01047000 08:02 6816278                    /home/danylott/.jdks/openjdk-15.0.2/lib/server/libjvm.so
7f2419d14000-7f2419d4b000 rw-p 010e1000 08:02 6816278                    /home/danylott/.jdks/openjdk-15.0.2/lib/server/libjvm.so
7f2419d4b000-7f2419dd6000 rw-p 00000000 00:00 0 
7f2419dd6000-7f2419dfb000 r--p 00000000 08:02 4196489                    /usr/lib/x86_64-linux-gnu/libc-2.31.so
7f2419dfb000-7f2419f73000 r-xp 00025000 08:02 4196489                    /usr/lib/x86_64-linux-gnu/libc-2.31.so
7f2419f73000-7f2419fbd000 r--p 0019d000 08:02 4196489                    /usr/lib/x86_64-linux-gnu/libc-2.31.so
7f2419fbd000-7f2419fbe000 ---p 001e7000 08:02 4196489                    /usr/lib/x86_64-linux-gnu/libc-2.31.so
7f2419fbe000-7f2419fc1000 r--p 001e7000 08:02 4196489                    /usr/lib/x86_64-linux-gnu/libc-2.31.so
7f2419fc1000-7f2419fc4000 rw-p 001ea000 08:02 4196489                    /usr/lib/x86_64-linux-gnu/libc-2.31.so
7f2419fc4000-7f2419fc8000 rw-p 00000000 00:00 0 
7f2419fc8000-7f2419fc9000 r--p 00000000 08:02 4196490                    /usr/lib/x86_64-linux-gnu/libdl-2.31.so
7f2419fc9000-7f2419fcb000 r-xp 00001000 08:02 4196490                    /usr/lib/x86_64-linux-gnu/libdl-2.31.so
7f2419fcb000-7f2419fcc000 r--p 00003000 08:02 4196490                    /usr/lib/x86_64-linux-gnu/libdl-2.31.so
7f2419fcc000-7f2419fcd000 r--p 00003000 08:02 4196490                    /usr/lib/x86_64-linux-gnu/libdl-2.31.so
7f2419fcd000-7f2419fce000 rw-p 00004000 08:02 4196490                    /usr/lib/x86_64-linux-gnu/libdl-2.31.so
7f2419fce000-7f2419fd5000 r--p 00000000 08:02 4196506                    /usr/lib/x86_64-linux-gnu/libpthread-2.31.so
7f2419fd5000-7f2419fe6000 r-xp 00007000 08:02 4196506                    /usr/lib/x86_64-linux-gnu/libpthread-2.31.so
7f2419fe6000-7f2419feb000 r--p 00018000 08:02 4196506                    /usr/lib/x86_64-linux-gnu/libpthread-2.31.so
7f2419feb000-7f2419fec000 r--p 0001c000 08:02 4196506                    /usr/lib/x86_64-linux-gnu/libpthread-2.31.so
7f2419fec000-7f2419fed000 rw-p 0001d000 08:02 4196506                    /usr/lib/x86_64-linux-gnu/libpthread-2.31.so
7f2419fed000-7f2419ff1000 rw-p 00000000 00:00 0 
7f2419ff1000-7f241a000000 r-xp 00000000 08:02 6816248                    /home/danylott/.jdks/openjdk-15.0.2/lib/libjli.so
7f241a000000-7f241a001000 r--p 0000e000 08:02 6816248                    /home/danylott/.jdks/openjdk-15.0.2/lib/libjli.so
7f241a001000-7f241a002000 rw-p 0000f000 08:02 6816248                    /home/danylott/.jdks/openjdk-15.0.2/lib/libjli.so
7f241a002000-7f241a004000 r--p 00000000 08:02 4194498                    /usr/lib/x86_64-linux-gnu/libz.so.1.2.11
7f241a004000-7f241a015000 r-xp 00002000 08:02 4194498                    /usr/lib/x86_64-linux-gnu/libz.so.1.2.11
7f241a015000-7f241a01b000 r--p 00013000 08:02 4194498                    /usr/lib/x86_64-linux-gnu/libz.so.1.2.11
7f241a01b000-7f241a01c000 ---p 00019000 08:02 4194498                    /usr/lib/x86_64-linux-gnu/libz.so.1.2.11
7f241a01c000-7f241a01d000 r--p 00019000 08:02 4194498                    /usr/lib/x86_64-linux-gnu/libz.so.1.2.11
7f241a01d000-7f241a01e000 rw-p 0001a000 08:02 4194498                    /usr/lib/x86_64-linux-gnu/libz.so.1.2.11
7f241a01e000-7f241a020000 rw-p 00000000 00:00 0 
7f241a021000-7f241a022000 r--s 00000000 00:38 27                         /run/user/1000/dconf/user
7f241a022000-7f241a024000 r-xp 00000000 08:02 6816236                    /home/danylott/.jdks/openjdk-15.0.2/lib/libextnet.so
7f241a024000-7f241a025000 r--p 00001000 08:02 6816236                    /home/danylott/.jdks/openjdk-15.0.2/lib/libextnet.so
7f241a025000-7f241a026000 rw-p 00002000 08:02 6816236                    /home/danylott/.jdks/openjdk-15.0.2/lib/libextnet.so
7f241a026000-7f241a030000 r-xp 00000000 08:02 6816238                    /home/danylott/.jdks/openjdk-15.0.2/lib/libinstrument.so
7f241a030000-7f241a031000 r--p 00009000 08:02 6816238                    /home/danylott/.jdks/openjdk-15.0.2/lib/libinstrument.so
7f241a031000-7f241a032000 rw-p 0000a000 08:02 6816238                    /home/danylott/.jdks/openjdk-15.0.2/lib/libinstrument.so
7f241a032000-7f241a033000 ---p 00000000 00:00 0 
7f241a033000-7f241a034000 r--p 00000000 00:00 0 
7f241a034000-7f241a035000 r--p 00000000 08:02 4196485                    /usr/lib/x86_64-linux-gnu/ld-2.31.so
7f241a035000-7f241a058000 r-xp 00001000 08:02 4196485                    /usr/lib/x86_64-linux-gnu/ld-2.31.so
7f241a058000-7f241a060000 r--p 00024000 08:02 4196485                    /usr/lib/x86_64-linux-gnu/ld-2.31.so
7f241a060000-7f241a061000 ---p 00000000 00:00 0 
7f241a061000-7f241a062000 r--p 0002c000 08:02 4196485                    /usr/lib/x86_64-linux-gnu/ld-2.31.so
7f241a062000-7f241a063000 rw-p 0002d000 08:02 4196485                    /usr/lib/x86_64-linux-gnu/ld-2.31.so
7f241a063000-7f241a064000 rw-p 00000000 00:00 0 
7ffd4a16e000-7ffd4a18f000 rw-p 00000000 00:00 0                          [stack]
7ffd4a1a2000-7ffd4a1a6000 r--p 00000000 00:00 0                          [vvar]
7ffd4a1a6000-7ffd4a1a8000 r-xp 00000000 00:00 0                          [vdso]
ffffffffff600000-ffffffffff601000 --xp 00000000 00:00 0                  [vsyscall]


VM Arguments:
jvm_args: -javaagent:/snap/intellij-idea-ultimate/269/lib/idea_rt.jar=38107:/snap/intellij-idea-ultimate/269/bin -Dfile.encoding=UTF-8 
java_command: MyGui
java_class_path (initial): /home/danylott/university/course3/RO/module1/lab1/DC_MOD1_LAB1/out/production/DC_MOD1_LAB1
Launcher Type: SUN_STANDARD

[Global flags]
     intx CICompilerCount                          = 4                                         {product} {ergonomic}
     uint ConcGCThreads                            = 2                                         {product} {ergonomic}
     uint G1ConcRefinementThreads                  = 8                                         {product} {ergonomic}
   size_t G1HeapRegionSize                         = 2097152                                   {product} {ergonomic}
    uintx GCDrainStackTargetSize                   = 64                                        {product} {ergonomic}
   size_t InitialHeapSize                          = 260046848                                 {product} {ergonomic}
   size_t MarkStackSize                            = 4194304                                   {product} {ergonomic}
   size_t MaxHeapSize                              = 4133486592                                {product} {ergonomic}
   size_t MaxNewSize                               = 2478833664                                {product} {ergonomic}
   size_t MinHeapDeltaBytes                        = 2097152                                   {product} {ergonomic}
   size_t MinHeapSize                              = 8388608                                   {product} {ergonomic}
    uintx NonNMethodCodeHeapSize                   = 5839372                                {pd product} {ergonomic}
    uintx NonProfiledCodeHeapSize                  = 122909434                              {pd product} {ergonomic}
    uintx ProfiledCodeHeapSize                     = 122909434                              {pd product} {ergonomic}
    uintx ReservedCodeCacheSize                    = 251658240                              {pd product} {ergonomic}
     bool SegmentedCodeCache                       = true                                      {product} {ergonomic}
   size_t SoftMaxHeapSize                          = 4133486592                             {manageable} {ergonomic}
     bool UseCompressedClassPointers               = true                                 {lp64_product} {ergonomic}
     bool UseCompressedOops                        = true                                 {lp64_product} {ergonomic}
     bool UseG1GC                                  = true                                      {product} {ergonomic}

Logging:
Log output configuration:
 #0: stdout all=warning uptime,level,tags
 #1: stderr all=off uptime,level,tags

Environment Variables:
PATH=/usr/local/sbin:/usr/local/bin:/usr/sbin:/usr/bin:/sbin:/bin:/usr/games:/usr/local/games:/snap/bin
USERNAME=danylott
SHELL=/bin/bash
DISPLAY=:0
LANG=en_US.UTF-8

Signal Handlers:
SIGSEGV: [libjvm.so+0xd64200], sa_mask[0]=11111111011111111101111111111110, sa_flags=SA_RESTART|SA_SIGINFO
SIGBUS: [libjvm.so+0xd64200], sa_mask[0]=11111111011111111101111111111110, sa_flags=SA_RESTART|SA_SIGINFO
SIGFPE: [libjvm.so+0xd64200], sa_mask[0]=11111111011111111101111111111110, sa_flags=SA_RESTART|SA_SIGINFO
SIGPIPE: SIG_IGN, sa_mask[0]=00000000000010000000000000000000, sa_flags=SA_RESTART
SIGXFSZ: [libjvm.so+0xb419c0], sa_mask[0]=11111111011111111101111111111110, sa_flags=SA_RESTART|SA_SIGINFO
SIGILL: [libjvm.so+0xd64200], sa_mask[0]=11111111011111111101111111111110, sa_flags=SA_RESTART|SA_SIGINFO
SIGUSR2: [libjvm.so+0xb41860], sa_mask[0]=00100000000000000000000000000000, sa_flags=SA_RESTART|SA_SIGINFO
SIGHUP: [libjvm.so+0xb420d0], sa_mask[0]=11111111011111111101111111111110, sa_flags=SA_RESTART|SA_SIGINFO
SIGINT: [libjvm.so+0xb420d0], sa_mask[0]=11111111011111111101111111111110, sa_flags=SA_RESTART|SA_SIGINFO
SIGTERM: [libjvm.so+0xb420d0], sa_mask[0]=11111111011111111101111111111110, sa_flags=SA_RESTART|SA_SIGINFO
SIGQUIT: [libjvm.so+0xb420d0], sa_mask[0]=11111111011111111101111111111110, sa_flags=SA_RESTART|SA_SIGINFO


---------------  S Y S T E M  ---------------

OS:
DISTRIB_ID=Ubuntu
DISTRIB_RELEASE=20.04
DISTRIB_CODENAME=focal
DISTRIB_DESCRIPTION="Ubuntu 20.04.1 LTS"
uname: Linux 5.8.0-41-generic #46~20.04.1-Ubuntu SMP Mon Jan 18 17:52:23 UTC 2021 x86_64
OS uptime: 0 days 23:49 hours
libc: glibc 2.31 NPTL 2.31 
rlimit (soft/hard): STACK 8192k/infinity , CORE 0k/infinity , NPROC 62585/62585 , NOFILE 1048576/1048576 , AS infinity/infinity , CPU infinity/infinity , DATA infinity/infinity , FSIZE infinity/infinity , MEMLOCK 65536k/65536k
load average: 0,37 0,83 1,12

/proc/meminfo:
MemTotal:       16146176 kB
MemFree:         3034216 kB
MemAvailable:    8991640 kB
Buffers:          322880 kB
Cached:          5812376 kB
SwapCached:            0 kB
Active:          7376952 kB
Inactive:        3962620 kB
Active(anon):    5250372 kB
Inactive(anon):   113848 kB
Active(file):    2126580 kB
Inactive(file):  3848772 kB
Unevictable:          32 kB
Mlocked:              32 kB
SwapTotal:       2097148 kB
SwapFree:        2097148 kB
Dirty:              4128 kB
Writeback:             0 kB
AnonPages:       5204696 kB
Mapped:          1176580 kB
Shmem:            185448 kB
KReclaimable:     318040 kB
Slab:             560548 kB
SReclaimable:     318040 kB
SUnreclaim:       242508 kB
KernelStack:       27908 kB
PageTables:        43748 kB
NFS_Unstable:          0 kB
Bounce:                0 kB
WritebackTmp:          0 kB
CommitLimit:    10170236 kB
Committed_AS:   13885832 kB
VmallocTotal:   34359738367 kB
VmallocUsed:       48336 kB
VmallocChunk:          0 kB
Percpu:            41216 kB
HardwareCorrupted:     0 kB
AnonHugePages:      2048 kB
ShmemHugePages:        0 kB
ShmemPmdMapped:        0 kB
FileHugePages:         0 kB
FilePmdMapped:         0 kB
HugePages_Total:       0
HugePages_Free:        0
HugePages_Rsvd:        0
HugePages_Surp:        0
Hugepagesize:       2048 kB
Hugetlb:               0 kB
DirectMap4k:     1516176 kB
DirectMap2M:    11800576 kB
DirectMap1G:     4194304 kB

/sys/kernel/mm/transparent_hugepage/enabled: always [madvise] never
/sys/kernel/mm/transparent_hugepage/defrag (defrag/compaction efforts parameter): always defer defer+madvise [madvise] never

/proc/sys/kernel/threads-max (system-wide limit on the number of threads): 125170
/proc/sys/vm/max_map_count (maximum number of memory map areas a process may have): 65530
/proc/sys/kernel/pid_max (system-wide limit on number of process identifiers): 4194304

container (cgroup) information:
container_type: cgroupv1
cpu_cpuset_cpus: 0-7
cpu_memory_nodes: 0
active_processor_count: 8
cpu_quota: no quota
cpu_period: 100000
cpu_shares: no shares
memory_limit_in_bytes: unlimited
memory_and_swap_limit_in_bytes: unlimited
memory_soft_limit_in_bytes: unlimited
memory_usage_in_bytes: 8577011712
memory_max_usage_in_bytes: 8822091776

Steal ticks since vm start: 0
Steal ticks percentage since vm start:  0,000

CPU: total 8 (initial active 8) (8 cores per cpu, 2 threads per core) family 23 model 24 stepping 1 microcode 0x8108109, cmov, cx8, fxsr, mmx, sse, sse2, sse3, ssse3, sse4.1, sse4.2, popcnt, vzeroupper, avx, avx2, aes, clmul, 3dnowpref, lzcnt, sse4a, ht, tsc, tscinvbit, tscinv, bmi1, bmi2, adx, sha, fma, clflush, clflushopt
CPU Model and flags from /proc/cpuinfo:
model name	: AMD Ryzen 5 3400G with Radeon Vega Graphics
flags		: fpu vme de pse tsc msr pae mce cx8 apic sep mtrr pge mca cmov pat pse36 clflush mmx fxsr sse sse2 ht syscall nx mmxext fxsr_opt pdpe1gb rdtscp lm constant_tsc rep_good nopl nonstop_tsc cpuid extd_apicid aperfmperf pni pclmulqdq monitor ssse3 fma cx16 sse4_1 sse4_2 movbe popcnt aes xsave avx f16c rdrand lahf_lm cmp_legacy svm extapic cr8_legacy abm sse4a misalignsse 3dnowprefetch osvw skinit wdt tce topoext perfctr_core perfctr_nb bpext perfctr_llc mwaitx cpb hw_pstate sme ssbd sev ibpb vmmcall fsgsbase bmi1 avx2 smep bmi2 rdseed adx smap clflushopt sha_ni xsaveopt xsavec xgetbv1 xsaves clzero irperf xsaveerptr arat npt lbrv svm_lock nrip_save tsc_scale vmcb_clean flushbyasid decodeassists pausefilter pfthreshold avic v_vmsave_vmload vgif overflow_recov succor smca

Online cpus: 0-7
Offline cpus: 8-31
BIOS frequency limitation: <Not Available>
Frequency switch latency (ns): <Not Available>
Available cpu frequencies: <Not Available>
Current governor: <Not Available>
Core performance/turbo boost: <Not Available>

Memory: 4k page, physical 16146176k(3034216k free), swap 2097148k(2097148k free)

vm_info: OpenJDK 64-Bit Server VM (15.0.2+7-27) for linux-amd64 JRE (15.0.2+7-27), built on Dec  7 2020 19:54:59 by "mach5one" with gcc 9.2.0

END.
